============= EXECUTION LOG START 2024-05-14 13:33:45.971995 ===============
============= EXECUTION LOG START 2024-05-14 13:34:19.428014 ===============
Epoch 1/5
-------------
Epoch: 1, Iteration 0, Loss: 70.18067932128906, Train Accuracy: 71.875
Accuracy 0.495079 with 1632 images
Epoch: 1, Iteration 2, Loss: 167.5386505126953, Train Accuracy: 40.625
Epoch: 1, Iteration 4, Loss: 78.33308410644531, Train Accuracy: 37.5
Epoch: 1, Iteration 6, Loss: 58.990257263183594, Train Accuracy: 50.0
Epoch: 1, Iteration 8, Loss: 46.23811721801758, Train Accuracy: 46.875
Epoch: 1, Iteration 10, Loss: 45.991943359375, Train Accuracy: 46.875
Epoch: 1, Iteration 12, Loss: 46.87267303466797, Train Accuracy: 50.0
Epoch: 1, Iteration 14, Loss: 47.41189956665039, Train Accuracy: 43.75
Epoch: 1, Iteration 16, Loss: 42.110233306884766, Train Accuracy: 56.25
Epoch: 1, Iteration 18, Loss: 45.65351867675781, Train Accuracy: 53.125
Epoch: 1, Iteration 20, Loss: 41.426483154296875, Train Accuracy: 56.25
Epoch: 1, Iteration 22, Loss: 36.87485885620117, Train Accuracy: 65.625
Epoch: 1, Iteration 24, Loss: 51.066646575927734, Train Accuracy: 40.625
Epoch: 1, Iteration 26, Loss: 46.712562561035156, Train Accuracy: 43.75
Epoch: 1, Iteration 28, Loss: 44.97468948364258, Train Accuracy: 50.0
Epoch: 1, Iteration 30, Loss: 43.15784454345703, Train Accuracy: 53.125
Epoch: 1, Iteration 32, Loss: 43.296226501464844, Train Accuracy: 46.875
Epoch: 1, Iteration 34, Loss: 42.32419204711914, Train Accuracy: 50.0
Epoch: 1, Iteration 36, Loss: 42.743812561035156, Train Accuracy: 53.125
Epoch: 1, Iteration 38, Loss: 47.917198181152344, Train Accuracy: 37.5
Epoch: 1, Iteration 40, Loss: 46.24198913574219, Train Accuracy: 40.625
Epoch: 1, Iteration 42, Loss: 46.25883102416992, Train Accuracy: 50.0
Epoch: 1, Iteration 44, Loss: 47.6749267578125, Train Accuracy: 46.875
Epoch: 1, Iteration 46, Loss: 40.59545135498047, Train Accuracy: 46.875
Epoch: 1, Iteration 48, Loss: 44.107322692871094, Train Accuracy: 43.75
Epoch: 1, Iteration 50, Loss: 45.45978927612305, Train Accuracy: 46.875
Epoch: 1, Iteration 52, Loss: 42.54424285888672, Train Accuracy: 46.875
Epoch: 1, Iteration 54, Loss: 45.920860290527344, Train Accuracy: 43.75
Epoch: 1, Iteration 56, Loss: 39.37004470825195, Train Accuracy: 62.5
Epoch: 1, Iteration 58, Loss: 46.136077880859375, Train Accuracy: 46.875
Epoch: 1, Iteration 60, Loss: 48.41642761230469, Train Accuracy: 31.25
Epoch: 1, Iteration 62, Loss: 43.84325408935547, Train Accuracy: 56.25
Epoch: 1, Iteration 64, Loss: 42.660762786865234, Train Accuracy: 56.25
Epoch: 1, Iteration 66, Loss: 42.24113464355469, Train Accuracy: 53.125
Epoch: 1, Iteration 68, Loss: 43.94313049316406, Train Accuracy: 46.875
Epoch: 1, Iteration 70, Loss: 44.579345703125, Train Accuracy: 46.875
Epoch: 1, Iteration 72, Loss: 43.68214416503906, Train Accuracy: 46.875
Epoch: 1, Iteration 74, Loss: 44.27827072143555, Train Accuracy: 53.125
Epoch: 1, Iteration 76, Loss: 43.887855529785156, Train Accuracy: 34.375
Epoch: 1, Iteration 78, Loss: 46.480384826660156, Train Accuracy: 40.625
Epoch: 1, Iteration 80, Loss: 40.0557975769043, Train Accuracy: 50.0
Epoch: 1, Iteration 82, Loss: 45.92131042480469, Train Accuracy: 46.875
Epoch: 1, Iteration 84, Loss: 47.84644317626953, Train Accuracy: 40.625
Epoch: 1, Iteration 86, Loss: 45.371734619140625, Train Accuracy: 37.5
Epoch: 1, Iteration 88, Loss: 43.99672317504883, Train Accuracy: 37.5
Epoch: 1, Iteration 90, Loss: 41.265960693359375, Train Accuracy: 40.625
Epoch: 1, Iteration 92, Loss: 40.550804138183594, Train Accuracy: 43.75
Epoch: 1, Iteration 94, Loss: 41.370567321777344, Train Accuracy: 59.375
Epoch: 1, Iteration 96, Loss: 39.15696716308594, Train Accuracy: 56.25
Epoch: 1, Iteration 98, Loss: 49.55907440185547, Train Accuracy: 40.625
Epoch: 1, Iteration 100, Loss: 43.495914459228516, Train Accuracy: 50.0
Accuracy 0.618749 with 1632 images
Epoch: 1, Iteration 102, Loss: 42.630428314208984, Train Accuracy: 50.0
Epoch: 1, Iteration 104, Loss: 42.00653076171875, Train Accuracy: 37.5
Epoch: 1, Iteration 106, Loss: 53.25871276855469, Train Accuracy: 62.5
Epoch: 1, Iteration 108, Loss: 43.88825988769531, Train Accuracy: 53.125
Epoch: 1, Iteration 110, Loss: 45.661155700683594, Train Accuracy: 50.0
Epoch: 1, Iteration 112, Loss: 45.46059799194336, Train Accuracy: 53.125
Epoch: 1, Iteration 114, Loss: 46.29183578491211, Train Accuracy: 46.875
Epoch: 1, Iteration 116, Loss: 42.73320007324219, Train Accuracy: 50.0
Epoch: 1, Iteration 118, Loss: 45.12043762207031, Train Accuracy: 50.0
Epoch: 1, Iteration 120, Loss: 43.053680419921875, Train Accuracy: 46.875
Epoch: 1, Iteration 122, Loss: 41.461204528808594, Train Accuracy: 53.125
Epoch: 1, Iteration 124, Loss: 42.834800720214844, Train Accuracy: 50.0
Epoch: 1, Iteration 126, Loss: 40.418739318847656, Train Accuracy: 56.25
Epoch: 1, Iteration 128, Loss: 52.934356689453125, Train Accuracy: 40.625
Epoch: 1, Iteration 130, Loss: 43.199153900146484, Train Accuracy: 50.0
Epoch: 1, Iteration 132, Loss: 42.67715835571289, Train Accuracy: 43.75
Epoch: 1, Iteration 134, Loss: 43.40544509887695, Train Accuracy: 46.875
Epoch: 1, Iteration 136, Loss: 46.916603088378906, Train Accuracy: 56.25
Epoch: 1, Iteration 138, Loss: 48.20410919189453, Train Accuracy: 65.625
Epoch: 1, Iteration 140, Loss: 44.274818420410156, Train Accuracy: 50.0
Epoch: 1, Iteration 142, Loss: 42.712554931640625, Train Accuracy: 46.875
Epoch: 1, Iteration 144, Loss: 38.117923736572266, Train Accuracy: 59.375
Epoch: 1, Iteration 146, Loss: 41.6090202331543, Train Accuracy: 56.25
Epoch: 1, Iteration 148, Loss: 43.19990158081055, Train Accuracy: 53.125
Epoch: 1, Iteration 150, Loss: 42.44896697998047, Train Accuracy: 50.0
Epoch: 1, Iteration 152, Loss: 39.79127502441406, Train Accuracy: 65.625
Epoch: 1, Iteration 154, Loss: 40.69507598876953, Train Accuracy: 59.375
Epoch: 1, Iteration 156, Loss: 42.4539794921875, Train Accuracy: 56.25
Epoch: 1, Iteration 158, Loss: 45.29021453857422, Train Accuracy: 46.875
Epoch: 1, Iteration 160, Loss: 44.708900451660156, Train Accuracy: 46.875
Epoch: 1, Iteration 162, Loss: 46.22037887573242, Train Accuracy: 43.75
Epoch: 1, Iteration 164, Loss: 50.15956115722656, Train Accuracy: 31.25
Epoch: 1, Iteration 166, Loss: 43.45643615722656, Train Accuracy: 43.75
Epoch: 1, Iteration 168, Loss: 42.73929977416992, Train Accuracy: 56.25
Epoch: 1, Iteration 170, Loss: 38.10791778564453, Train Accuracy: 65.625
Epoch: 1, Iteration 172, Loss: 37.50419616699219, Train Accuracy: 62.5
Epoch: 1, Iteration 174, Loss: 44.57455825805664, Train Accuracy: 50.0
Epoch: 1, Iteration 176, Loss: 41.90642547607422, Train Accuracy: 59.375
Epoch: 1, Iteration 178, Loss: 46.65723419189453, Train Accuracy: 46.875
Epoch: 1, Iteration 180, Loss: 47.282325744628906, Train Accuracy: 43.75
Epoch: 1, Iteration 182, Loss: 41.62596893310547, Train Accuracy: 43.75
Epoch: 1, Iteration 184, Loss: 46.040794372558594, Train Accuracy: 62.5
Epoch: 1, Iteration 186, Loss: 43.91789245605469, Train Accuracy: 50.0
Epoch: 1, Iteration 188, Loss: 43.63030242919922, Train Accuracy: 37.5
Epoch: 1, Iteration 190, Loss: 41.170352935791016, Train Accuracy: 56.25
Epoch: 1, Iteration 192, Loss: 44.63301086425781, Train Accuracy: 46.875
Epoch: 1, Iteration 194, Loss: 45.25435256958008, Train Accuracy: 46.875
Epoch: 1, Iteration 196, Loss: 41.64109802246094, Train Accuracy: 46.875
Epoch: 1, Iteration 198, Loss: 48.08164978027344, Train Accuracy: 34.375
Epoch: 1, Iteration 200, Loss: 43.582557678222656, Train Accuracy: 53.125
Accuracy 0.625704 with 1632 images
Epoch: 1, Iteration 202, Loss: 45.17028045654297, Train Accuracy: 43.75
Epoch: 1, Iteration 204, Loss: 44.0517463684082, Train Accuracy: 59.375
Epoch: 1, Iteration 206, Loss: 49.236732482910156, Train Accuracy: 43.75
Epoch: 1, Iteration 208, Loss: 46.175140380859375, Train Accuracy: 50.0
Epoch: 1, Iteration 210, Loss: 42.38517761230469, Train Accuracy: 53.125
Epoch: 1, Iteration 212, Loss: 34.033241271972656, Train Accuracy: 68.75
Epoch: 1, Iteration 214, Loss: 47.797569274902344, Train Accuracy: 40.625
Epoch: 1, Iteration 216, Loss: 39.22193145751953, Train Accuracy: 56.25
Epoch: 1, Iteration 218, Loss: 47.660545349121094, Train Accuracy: 43.75
Epoch: 1, Iteration 220, Loss: 40.575897216796875, Train Accuracy: 53.125
Epoch: 1, Iteration 222, Loss: 39.11561965942383, Train Accuracy: 59.375
Epoch: 1, Iteration 224, Loss: 45.805442810058594, Train Accuracy: 43.75
Epoch: 1, Iteration 226, Loss: 41.26480484008789, Train Accuracy: 53.125
Epoch: 1, Iteration 228, Loss: 43.67917251586914, Train Accuracy: 56.25
Epoch: 1, Iteration 230, Loss: 39.82571792602539, Train Accuracy: 53.125
Epoch: 1, Iteration 232, Loss: 44.85462951660156, Train Accuracy: 43.75
Epoch: 1, Iteration 234, Loss: 41.76768112182617, Train Accuracy: 53.125
Epoch: 1, Iteration 236, Loss: 43.95381164550781, Train Accuracy: 37.5
Epoch: 1, Iteration 238, Loss: 36.92183303833008, Train Accuracy: 68.75
Epoch: 1, Iteration 240, Loss: 41.73788833618164, Train Accuracy: 53.125
Epoch: 1, Iteration 242, Loss: 42.933815002441406, Train Accuracy: 53.125
Epoch: 1, Iteration 244, Loss: 35.24937438964844, Train Accuracy: 71.875
Epoch: 1, Iteration 246, Loss: 41.14363098144531, Train Accuracy: 50.0
Epoch: 1, Iteration 248, Loss: 39.04041290283203, Train Accuracy: 59.375
Epoch: 1, Iteration 250, Loss: 44.87189483642578, Train Accuracy: 46.875
Epoch: 1, Iteration 252, Loss: 46.408485412597656, Train Accuracy: 46.875
Epoch: 1, Iteration 254, Loss: 38.09414291381836, Train Accuracy: 56.25
Epoch: 1, Iteration 256, Loss: 48.89699172973633, Train Accuracy: 31.25
Epoch: 1, Iteration 258, Loss: 38.33464813232422, Train Accuracy: 53.125
Epoch: 1, Iteration 260, Loss: 43.57998275756836, Train Accuracy: 40.625
Epoch: 1, Iteration 262, Loss: 44.3433952331543, Train Accuracy: 40.625
Epoch: 1, Iteration 264, Loss: 45.001556396484375, Train Accuracy: 43.75
Epoch: 1, Iteration 266, Loss: 41.49591827392578, Train Accuracy: 59.375
Epoch: 1, Iteration 268, Loss: 44.36927795410156, Train Accuracy: 50.0
Epoch: 1, Iteration 270, Loss: 43.614925384521484, Train Accuracy: 53.125
Epoch: 1, Iteration 272, Loss: 44.88589096069336, Train Accuracy: 46.875
Epoch: 1, Iteration 274, Loss: 36.91350555419922, Train Accuracy: 62.5
Epoch: 1, Iteration 276, Loss: 37.69378662109375, Train Accuracy: 59.375
Epoch: 1, Iteration 278, Loss: 37.234375, Train Accuracy: 53.125
Epoch: 1, Iteration 280, Loss: 41.78528594970703, Train Accuracy: 59.375
Epoch: 1, Iteration 282, Loss: 42.33684539794922, Train Accuracy: 50.0
Epoch: 1, Iteration 284, Loss: 41.13484191894531, Train Accuracy: 56.25
Epoch: 1, Iteration 286, Loss: 41.899410247802734, Train Accuracy: 53.125
Epoch: 1, Iteration 288, Loss: 44.9922981262207, Train Accuracy: 59.375
Epoch: 1, Iteration 290, Loss: 42.08991241455078, Train Accuracy: 46.875
Epoch: 1, Iteration 292, Loss: 40.78363800048828, Train Accuracy: 59.375
Epoch: 1, Iteration 294, Loss: 49.92462921142578, Train Accuracy: 40.625
Epoch: 1, Iteration 296, Loss: 41.3662109375, Train Accuracy: 56.25
Epoch: 1, Iteration 298, Loss: 35.1131591796875, Train Accuracy: 65.625
Epoch: 1, Iteration 300, Loss: 45.51417541503906, Train Accuracy: 37.5
Accuracy 0.625118 with 1632 images
Epoch: 1, Iteration 302, Loss: 43.69710159301758, Train Accuracy: 43.75
Epoch: 1, Iteration 304, Loss: 42.37089538574219, Train Accuracy: 50.0
Epoch: 1, Iteration 306, Loss: 44.08201599121094, Train Accuracy: 53.125
Epoch: 1, Iteration 308, Loss: 36.268611907958984, Train Accuracy: 56.25
Epoch: 1, Iteration 310, Loss: 45.25525665283203, Train Accuracy: 50.0
Epoch: 1, Iteration 312, Loss: 38.468780517578125, Train Accuracy: 56.25
Epoch: 1, Iteration 314, Loss: 33.740928649902344, Train Accuracy: 68.75
Epoch: 1, Iteration 316, Loss: 46.35103225708008, Train Accuracy: 40.625
Epoch: 1, Iteration 318, Loss: 46.84925079345703, Train Accuracy: 53.125
Epoch: 1, Iteration 320, Loss: 36.8381462097168, Train Accuracy: 59.375
Epoch: 1, Iteration 322, Loss: 39.19102096557617, Train Accuracy: 40.625
Epoch: 1, Iteration 324, Loss: 42.32155227661133, Train Accuracy: 37.5
Epoch: 1, Iteration 326, Loss: 39.236793518066406, Train Accuracy: 46.875
Epoch: 1, Iteration 328, Loss: 38.283382415771484, Train Accuracy: 46.875
Epoch: 1, Iteration 330, Loss: 40.31895065307617, Train Accuracy: 43.75
Epoch: 1, Iteration 332, Loss: 38.697235107421875, Train Accuracy: 62.5
Epoch: 1, Iteration 334, Loss: 42.67213439941406, Train Accuracy: 53.125
Epoch: 1, Iteration 336, Loss: 46.213321685791016, Train Accuracy: 50.0
Epoch: 1, Iteration 338, Loss: 38.36614227294922, Train Accuracy: 50.0
Epoch: 1, Iteration 340, Loss: 41.623653411865234, Train Accuracy: 53.125
Epoch: 1, Iteration 342, Loss: 49.44420623779297, Train Accuracy: 43.75
Epoch: 1, Iteration 344, Loss: 40.028419494628906, Train Accuracy: 40.625
Epoch: 1, Iteration 346, Loss: 44.18219757080078, Train Accuracy: 50.0
Epoch: 1, Iteration 348, Loss: 40.027671813964844, Train Accuracy: 43.75
Epoch: 1, Iteration 350, Loss: 51.41748046875, Train Accuracy: 31.25
Epoch: 1, Iteration 352, Loss: 39.025230407714844, Train Accuracy: 50.0
Epoch: 1, Iteration 354, Loss: 38.385169982910156, Train Accuracy: 56.25
Epoch: 1, Iteration 356, Loss: 43.55608367919922, Train Accuracy: 46.875
Epoch: 1, Iteration 358, Loss: 43.84368133544922, Train Accuracy: 43.75
Epoch: 1, Iteration 360, Loss: 43.794925689697266, Train Accuracy: 46.875
Epoch: 1, Iteration 362, Loss: 43.19664001464844, Train Accuracy: 53.125
Epoch: 1, Iteration 364, Loss: 44.10033416748047, Train Accuracy: 37.5
Epoch: 1, Iteration 366, Loss: 41.444122314453125, Train Accuracy: 46.875
Epoch: 1, Iteration 368, Loss: 42.278839111328125, Train Accuracy: 59.375
Epoch: 1, Iteration 370, Loss: 40.169578552246094, Train Accuracy: 50.0
Epoch: 1, Iteration 372, Loss: 49.37010192871094, Train Accuracy: 40.625
Epoch: 1, Iteration 374, Loss: 45.607635498046875, Train Accuracy: 50.0
Epoch: 1, Iteration 376, Loss: 38.64978790283203, Train Accuracy: 59.375
Epoch: 1, Iteration 378, Loss: 39.69395446777344, Train Accuracy: 53.125
Epoch: 1, Iteration 380, Loss: 40.12498474121094, Train Accuracy: 59.375
Epoch: 1, Iteration 382, Loss: 39.60138702392578, Train Accuracy: 53.125
Epoch: 1, Iteration 384, Loss: 45.28550720214844, Train Accuracy: 43.75
Epoch: 1, Iteration 386, Loss: 33.90773010253906, Train Accuracy: 65.625
Epoch: 1, Iteration 388, Loss: 39.82998275756836, Train Accuracy: 62.5
Epoch: 1, Iteration 390, Loss: 43.135955810546875, Train Accuracy: 46.875
Epoch: 1, Iteration 392, Loss: 41.403282165527344, Train Accuracy: 46.875
Epoch: 1, Iteration 394, Loss: 40.76693344116211, Train Accuracy: 50.0
Epoch: 1, Iteration 396, Loss: 40.30860137939453, Train Accuracy: 59.375
Epoch: 1, Iteration 398, Loss: 43.05937194824219, Train Accuracy: 56.25
Epoch: 1, Iteration 400, Loss: 39.17036437988281, Train Accuracy: 46.875
Accuracy 0.633801 with 1632 images
Epoch: 1, Iteration 402, Loss: 37.88748550415039, Train Accuracy: 50.0
Epoch: 1, Iteration 404, Loss: 41.47362518310547, Train Accuracy: 46.875
Epoch: 1, Iteration 406, Loss: 34.78281021118164, Train Accuracy: 53.125
Epoch: 1, Iteration 408, Loss: 45.141204833984375, Train Accuracy: 50.0
Epoch: 1, Iteration 410, Loss: 36.977806091308594, Train Accuracy: 59.375
Epoch: 1, Iteration 412, Loss: 41.89189910888672, Train Accuracy: 46.875
Epoch: 1, Iteration 414, Loss: 43.149070739746094, Train Accuracy: 43.75
Epoch: 1, Iteration 416, Loss: 47.56949996948242, Train Accuracy: 46.875
Epoch: 1, Iteration 418, Loss: 45.724220275878906, Train Accuracy: 50.0
Epoch: 1, Iteration 420, Loss: 42.42076110839844, Train Accuracy: 50.0
Epoch: 1, Iteration 422, Loss: 42.02800750732422, Train Accuracy: 40.625
Epoch: 1, Iteration 424, Loss: 41.1347770690918, Train Accuracy: 62.5
Epoch: 1, Iteration 426, Loss: 39.70127487182617, Train Accuracy: 50.0
Epoch: 1, Iteration 428, Loss: 48.15454864501953, Train Accuracy: 46.875
Epoch: 1, Iteration 430, Loss: 41.18080520629883, Train Accuracy: 50.0
Epoch: 1, Iteration 432, Loss: 41.28220748901367, Train Accuracy: 50.0
Epoch: 1, Iteration 434, Loss: 44.28134536743164, Train Accuracy: 50.0
Epoch: 1, Iteration 436, Loss: 40.30706024169922, Train Accuracy: 56.25
Epoch: 1, Iteration 438, Loss: 42.07395935058594, Train Accuracy: 50.0
Epoch: 1, Iteration 440, Loss: 44.71721649169922, Train Accuracy: 37.5
Epoch: 1, Iteration 442, Loss: 45.427696228027344, Train Accuracy: 46.875
Epoch: 1, Iteration 444, Loss: 46.25187683105469, Train Accuracy: 37.5
Epoch: 1, Iteration 446, Loss: 46.369537353515625, Train Accuracy: 46.875
Epoch: 1, Iteration 448, Loss: 42.511390686035156, Train Accuracy: 53.125
Epoch: 1, Iteration 450, Loss: 42.34028244018555, Train Accuracy: 37.5
Epoch: 1, Iteration 452, Loss: 40.225494384765625, Train Accuracy: 50.0
Epoch: 1, Iteration 454, Loss: 43.400978088378906, Train Accuracy: 50.0
Epoch: 1, Iteration 456, Loss: 44.42539596557617, Train Accuracy: 43.75
Epoch: 1, Iteration 458, Loss: 41.411678314208984, Train Accuracy: 62.5
Epoch: 1, Iteration 460, Loss: 42.771644592285156, Train Accuracy: 53.125
Epoch: 1, Iteration 462, Loss: 48.61796188354492, Train Accuracy: 31.25
Epoch: 1, Iteration 464, Loss: 46.13336181640625, Train Accuracy: 34.375
Epoch: 1, Iteration 466, Loss: 45.146907806396484, Train Accuracy: 37.5
Epoch: 1, Iteration 468, Loss: 44.636898040771484, Train Accuracy: 65.625
Epoch: 1, Iteration 470, Loss: 43.087890625, Train Accuracy: 53.125
Epoch: 1, Iteration 472, Loss: 34.299957275390625, Train Accuracy: 71.875
Epoch: 1, Iteration 474, Loss: 48.770347595214844, Train Accuracy: 37.5
Epoch: 1, Iteration 476, Loss: 46.461212158203125, Train Accuracy: 40.625
Epoch: 1, Iteration 478, Loss: 37.526275634765625, Train Accuracy: 62.5
Epoch: 1, Iteration 480, Loss: 41.172080993652344, Train Accuracy: 75.0
Epoch: 1, Iteration 482, Loss: 45.64555358886719, Train Accuracy: 40.625
Epoch: 1, Iteration 484, Loss: 38.414329528808594, Train Accuracy: 59.375
Epoch: 1, Iteration 486, Loss: 38.96559143066406, Train Accuracy: 56.25
Epoch: 1, Iteration 488, Loss: 48.82704162597656, Train Accuracy: 37.5
Epoch: 1, Iteration 490, Loss: 39.58827209472656, Train Accuracy: 50.0
Epoch: 1, Iteration 492, Loss: 40.783660888671875, Train Accuracy: 62.5
Epoch: 1, Iteration 494, Loss: 45.074462890625, Train Accuracy: 46.875
Epoch: 1, Iteration 496, Loss: 43.410362243652344, Train Accuracy: 53.125
Epoch: 1, Iteration 498, Loss: 42.70619201660156, Train Accuracy: 53.125
Epoch: 1, Iteration 500, Loss: 43.79460906982422, Train Accuracy: 50.0
Accuracy 0.631882 with 1632 images
Epoch: 1, Iteration 502, Loss: 42.12067413330078, Train Accuracy: 50.0
Epoch: 1, Iteration 504, Loss: 35.97013473510742, Train Accuracy: 62.5
Epoch: 1, Iteration 506, Loss: 42.74932861328125, Train Accuracy: 50.0
Epoch: 1, Iteration 508, Loss: 40.78129577636719, Train Accuracy: 50.0
Epoch: 1, Iteration 510, Loss: 37.44974136352539, Train Accuracy: 59.375
Epoch: 1, Iteration 512, Loss: 47.04135513305664, Train Accuracy: 43.75
Epoch: 1, Iteration 514, Loss: 43.09638977050781, Train Accuracy: 53.125
Epoch: 1, Iteration 516, Loss: 43.82795333862305, Train Accuracy: 65.625
Epoch: 1, Iteration 518, Loss: 41.488731384277344, Train Accuracy: 46.875
Epoch: 1, Iteration 520, Loss: 40.44111633300781, Train Accuracy: 56.25
Epoch: 1, Iteration 522, Loss: 34.0218505859375, Train Accuracy: 62.5
Epoch: 1, Iteration 524, Loss: 40.77770233154297, Train Accuracy: 53.125
Epoch: 1, Iteration 526, Loss: 34.87323760986328, Train Accuracy: 59.375
Epoch: 1, Iteration 528, Loss: 45.83879089355469, Train Accuracy: 50.0
Epoch: 1, Iteration 530, Loss: 44.86492919921875, Train Accuracy: 43.75
Epoch: 1, Iteration 532, Loss: 46.558109283447266, Train Accuracy: 46.875
Epoch: 1, Iteration 534, Loss: 43.631324768066406, Train Accuracy: 43.75
Epoch: 1, Iteration 536, Loss: 38.6650276184082, Train Accuracy: 65.625
Epoch: 1, Iteration 538, Loss: 46.00429916381836, Train Accuracy: 53.125
Epoch: 1, Iteration 540, Loss: 36.58277893066406, Train Accuracy: 75.0
Epoch: 1, Iteration 542, Loss: 39.835296630859375, Train Accuracy: 50.0
Epoch: 1, Iteration 544, Loss: 36.152854919433594, Train Accuracy: 53.125
Epoch: 1, Iteration 546, Loss: 46.078887939453125, Train Accuracy: 37.5
Epoch: 1, Iteration 548, Loss: 45.43750762939453, Train Accuracy: 50.0
Epoch: 1, Iteration 550, Loss: 45.836326599121094, Train Accuracy: 46.875
Epoch: 1, Iteration 552, Loss: 43.015655517578125, Train Accuracy: 46.875
Epoch: 1, Iteration 554, Loss: 48.079925537109375, Train Accuracy: 34.375
Epoch: 1, Iteration 556, Loss: 42.328147888183594, Train Accuracy: 53.125
Epoch: 1, Iteration 558, Loss: 35.00712203979492, Train Accuracy: 62.5
Epoch: 1, Iteration 560, Loss: 43.19597244262695, Train Accuracy: 43.75
Epoch: 1, Iteration 562, Loss: 38.87434005737305, Train Accuracy: 53.125
Epoch: 1, Iteration 564, Loss: 32.88908386230469, Train Accuracy: 75.0
Epoch: 1, Iteration 566, Loss: 42.64686584472656, Train Accuracy: 43.75
Epoch: 1, Iteration 568, Loss: 46.335693359375, Train Accuracy: 46.875
Epoch: 1, Iteration 570, Loss: 38.188880920410156, Train Accuracy: 53.125
Epoch: 1, Iteration 572, Loss: 43.087669372558594, Train Accuracy: 43.75
Epoch: 1, Iteration 574, Loss: 39.06306838989258, Train Accuracy: 62.5
Epoch: 1, Iteration 576, Loss: 43.986488342285156, Train Accuracy: 56.25
Epoch: 1, Iteration 578, Loss: 40.60820770263672, Train Accuracy: 53.125
Epoch: 1, Iteration 580, Loss: 40.75628662109375, Train Accuracy: 43.75
Epoch: 1, Iteration 582, Loss: 44.524227142333984, Train Accuracy: 43.75
Epoch: 1, Iteration 584, Loss: 40.12896728515625, Train Accuracy: 53.125
Epoch: 1, Iteration 586, Loss: 45.60380554199219, Train Accuracy: 53.125
Epoch: 1, Iteration 588, Loss: 43.546287536621094, Train Accuracy: 37.5
Epoch: 1, Iteration 590, Loss: 37.254783630371094, Train Accuracy: 59.375
Epoch: 1, Iteration 592, Loss: 44.82451629638672, Train Accuracy: 43.75
Epoch: 1, Iteration 594, Loss: 40.398948669433594, Train Accuracy: 56.25
Epoch: 1, Iteration 596, Loss: 43.196807861328125, Train Accuracy: 46.875
Epoch: 1, Iteration 598, Loss: 34.03648376464844, Train Accuracy: 65.625
Epoch: 1, Iteration 600, Loss: 45.750179290771484, Train Accuracy: 46.875
Accuracy 0.633312 with 1632 images
Epoch: 1, Iteration 602, Loss: 38.56637954711914, Train Accuracy: 46.875
Epoch: 1, Iteration 604, Loss: 40.79899215698242, Train Accuracy: 56.25
Epoch: 1, Iteration 606, Loss: 41.048561096191406, Train Accuracy: 50.0
Epoch: 1, Iteration 608, Loss: 41.158958435058594, Train Accuracy: 50.0
Epoch: 1, Iteration 610, Loss: 40.17755126953125, Train Accuracy: 50.0
Epoch: 1, Iteration 612, Loss: 32.62744140625, Train Accuracy: 75.0
Epoch: 1, Iteration 614, Loss: 44.973472595214844, Train Accuracy: 50.0
Epoch: 1, Iteration 616, Loss: 42.88396453857422, Train Accuracy: 40.625
Epoch: 1, Iteration 618, Loss: 40.00951385498047, Train Accuracy: 53.125
Epoch: 1, Iteration 620, Loss: 45.17528533935547, Train Accuracy: 46.875
Epoch: 1, Iteration 622, Loss: 42.41048812866211, Train Accuracy: 50.0
Epoch: 1, Iteration 624, Loss: 44.52400207519531, Train Accuracy: 50.0
Epoch: 1, Iteration 626, Loss: 44.77895736694336, Train Accuracy: 43.75
Epoch: 1, Iteration 628, Loss: 44.635643005371094, Train Accuracy: 53.125
Epoch: 1, Iteration 630, Loss: 41.47352600097656, Train Accuracy: 53.125
Epoch: 1, Iteration 632, Loss: 48.02739715576172, Train Accuracy: 31.25
Epoch: 1, Iteration 634, Loss: 44.101104736328125, Train Accuracy: 43.75
Epoch: 1, Iteration 636, Loss: 41.121673583984375, Train Accuracy: 40.625
Epoch: 1, Iteration 638, Loss: 42.268394470214844, Train Accuracy: 59.375
Epoch: 1, Iteration 640, Loss: 41.550453186035156, Train Accuracy: 43.75
Epoch: 1, Iteration 642, Loss: 42.277488708496094, Train Accuracy: 40.625
Epoch: 1, Iteration 644, Loss: 40.794620513916016, Train Accuracy: 43.75
Epoch: 1, Iteration 646, Loss: 52.26284408569336, Train Accuracy: 34.375
Epoch: 1, Iteration 648, Loss: 38.0003547668457, Train Accuracy: 59.375
Epoch: 1, Iteration 650, Loss: 44.533912658691406, Train Accuracy: 31.25
Epoch: 1, Iteration 652, Loss: 40.372413635253906, Train Accuracy: 40.625
Epoch: 1, Iteration 654, Loss: 45.742759704589844, Train Accuracy: 56.25
Epoch: 1, Iteration 656, Loss: 45.25403594970703, Train Accuracy: 50.0
Epoch: 1, Iteration 658, Loss: 40.49156188964844, Train Accuracy: 59.375
Epoch: 1, Iteration 660, Loss: 47.42884826660156, Train Accuracy: 43.75
Epoch: 1, Iteration 662, Loss: 43.54460144042969, Train Accuracy: 50.0
Epoch: 1, Iteration 664, Loss: 37.446083068847656, Train Accuracy: 56.25
Epoch: 1, Iteration 666, Loss: 47.160560607910156, Train Accuracy: 43.75
Epoch: 1, Iteration 668, Loss: 38.40428161621094, Train Accuracy: 53.125
Epoch: 1, Iteration 670, Loss: 43.306095123291016, Train Accuracy: 37.5
Epoch: 1, Iteration 672, Loss: 38.18474197387695, Train Accuracy: 50.0
Epoch: 1, Iteration 674, Loss: 46.668190002441406, Train Accuracy: 37.5
Epoch: 1, Iteration 676, Loss: 42.721229553222656, Train Accuracy: 46.875
Epoch: 1, Iteration 678, Loss: 39.9986686706543, Train Accuracy: 53.125
Epoch: 1, Iteration 680, Loss: 37.509605407714844, Train Accuracy: 46.875
Epoch: 1, Iteration 682, Loss: 39.482574462890625, Train Accuracy: 50.0
Epoch: 1, Iteration 684, Loss: 38.228736877441406, Train Accuracy: 62.5
Epoch: 1, Iteration 686, Loss: 40.296875, Train Accuracy: 40.625
Epoch: 1, Iteration 688, Loss: 46.93889617919922, Train Accuracy: 43.75
Epoch: 1, Iteration 690, Loss: 41.278236389160156, Train Accuracy: 53.125
Epoch: 1, Iteration 692, Loss: 41.15912628173828, Train Accuracy: 46.875
Epoch: 1, Iteration 694, Loss: 46.17436981201172, Train Accuracy: 46.875
Epoch: 1, Iteration 696, Loss: 42.181007385253906, Train Accuracy: 50.0
Epoch: 1, Iteration 698, Loss: 41.096065521240234, Train Accuracy: 50.0
Epoch: 1, Iteration 700, Loss: 46.20351028442383, Train Accuracy: 37.5
Accuracy 0.636830 with 1632 images
Epoch: 1, Iteration 702, Loss: 42.29700469970703, Train Accuracy: 40.625
Epoch: 1, Iteration 704, Loss: 38.90771484375, Train Accuracy: 46.875
Epoch: 1, Iteration 706, Loss: 43.47766876220703, Train Accuracy: 43.75
Epoch: 1, Iteration 708, Loss: 44.113948822021484, Train Accuracy: 40.625
Epoch: 1, Iteration 710, Loss: 41.488609313964844, Train Accuracy: 46.875
Epoch: 1, Iteration 712, Loss: 40.276981353759766, Train Accuracy: 43.75
Epoch: 1, Iteration 714, Loss: 39.39646911621094, Train Accuracy: 56.25
Epoch: 1, Iteration 716, Loss: 42.944007873535156, Train Accuracy: 46.875
Epoch: 1, Iteration 718, Loss: 40.719669342041016, Train Accuracy: 62.5
Epoch: 1, Iteration 720, Loss: 40.350257873535156, Train Accuracy: 56.25
Epoch: 1, Iteration 722, Loss: 45.238094329833984, Train Accuracy: 53.125
Epoch: 1, Iteration 724, Loss: 45.397621154785156, Train Accuracy: 50.0
Epoch: 1, Iteration 726, Loss: 35.06858825683594, Train Accuracy: 62.5
Epoch: 1, Iteration 728, Loss: 42.49915313720703, Train Accuracy: 53.125
Epoch: 1, Iteration 730, Loss: 40.16102600097656, Train Accuracy: 62.5
Epoch: 1, Iteration 732, Loss: 45.706565856933594, Train Accuracy: 46.875
Epoch: 1, Iteration 734, Loss: 45.600738525390625, Train Accuracy: 43.75
Epoch: 1, Iteration 736, Loss: 47.63956832885742, Train Accuracy: 37.5
Epoch: 1, Iteration 738, Loss: 40.503173828125, Train Accuracy: 34.375
Epoch: 1, Iteration 740, Loss: 37.8783073425293, Train Accuracy: 62.5
Epoch: 1, Iteration 742, Loss: 40.246673583984375, Train Accuracy: 56.25
Epoch: 1, Iteration 744, Loss: 37.83544921875, Train Accuracy: 68.75
Epoch: 1, Iteration 746, Loss: 41.810951232910156, Train Accuracy: 53.125
Epoch: 1, Iteration 748, Loss: 52.278018951416016, Train Accuracy: 37.5
Epoch: 1, Iteration 750, Loss: 40.53653335571289, Train Accuracy: 46.875
Epoch: 1, Iteration 752, Loss: 36.90635681152344, Train Accuracy: 65.625
Epoch: 1, Iteration 754, Loss: 42.18653106689453, Train Accuracy: 59.375
Epoch: 1, Iteration 756, Loss: 40.802101135253906, Train Accuracy: 46.875
Epoch: 1, Iteration 758, Loss: 40.60429382324219, Train Accuracy: 59.375
Epoch: 1, Iteration 760, Loss: 43.757713317871094, Train Accuracy: 40.625
Epoch: 1, Iteration 762, Loss: 40.201988220214844, Train Accuracy: 53.125
Epoch: 1, Iteration 764, Loss: 38.06893539428711, Train Accuracy: 56.25
Epoch: 1, Iteration 766, Loss: 43.20588302612305, Train Accuracy: 56.25
Epoch: 1, Iteration 768, Loss: 44.333396911621094, Train Accuracy: 37.5
Epoch: 1, Iteration 770, Loss: 42.17904281616211, Train Accuracy: 56.25
Epoch: 1, Iteration 772, Loss: 43.03413391113281, Train Accuracy: 50.0
Epoch: 1, Iteration 774, Loss: 42.3497428894043, Train Accuracy: 56.25
Epoch: 1, Iteration 776, Loss: 42.325740814208984, Train Accuracy: 56.25
Epoch: 1, Iteration 778, Loss: 44.529212951660156, Train Accuracy: 43.75
Epoch: 1, Iteration 780, Loss: 41.16339111328125, Train Accuracy: 43.75
Epoch: 1, Iteration 782, Loss: 43.78847885131836, Train Accuracy: 40.625
Epoch: 1, Iteration 784, Loss: 42.93186950683594, Train Accuracy: 46.875
Epoch: 1, Iteration 786, Loss: 44.09426498413086, Train Accuracy: 62.5
Epoch: 1, Iteration 788, Loss: 43.23980712890625, Train Accuracy: 59.375
Epoch: 1, Iteration 790, Loss: 44.46087646484375, Train Accuracy: 43.75
Epoch: 1, Iteration 792, Loss: 40.742759704589844, Train Accuracy: 56.25
Epoch: 1, Iteration 794, Loss: 45.2398681640625, Train Accuracy: 53.125
Epoch: 1, Iteration 796, Loss: 40.83412170410156, Train Accuracy: 53.125
Epoch: 1, Iteration 798, Loss: 40.006622314453125, Train Accuracy: 46.875
Epoch: 1, Iteration 800, Loss: 40.71962356567383, Train Accuracy: 56.25
Accuracy 0.639650 with 1632 images
Epoch: 1, Iteration 802, Loss: 42.27915954589844, Train Accuracy: 46.875
Epoch: 1, Iteration 804, Loss: 42.40846252441406, Train Accuracy: 59.375
Epoch: 1, Iteration 806, Loss: 39.347373962402344, Train Accuracy: 50.0
Epoch: 1, Iteration 808, Loss: 36.08690643310547, Train Accuracy: 65.625
Epoch: 1, Iteration 810, Loss: 42.551822662353516, Train Accuracy: 46.875
Epoch: 1, Iteration 812, Loss: 42.98823547363281, Train Accuracy: 50.0
Epoch: 1, Iteration 814, Loss: 38.14020919799805, Train Accuracy: 46.875
Epoch: 1, Iteration 816, Loss: 44.63728713989258, Train Accuracy: 62.5
Epoch: 1, Iteration 818, Loss: 41.60960388183594, Train Accuracy: 37.5
Epoch: 1, Iteration 820, Loss: 45.83142852783203, Train Accuracy: 40.625
Epoch: 1, Iteration 822, Loss: 35.99755096435547, Train Accuracy: 62.5
Epoch: 1, Iteration 824, Loss: 35.08245849609375, Train Accuracy: 59.375
Epoch: 1, Iteration 826, Loss: 38.86691665649414, Train Accuracy: 43.75
Epoch: 1, Iteration 828, Loss: 43.96472930908203, Train Accuracy: 37.5
Epoch: 1, Iteration 830, Loss: 45.317138671875, Train Accuracy: 46.875
Epoch: 1, Iteration 832, Loss: 35.6129150390625, Train Accuracy: 37.5
Epoch: 1, Iteration 834, Loss: 38.841941833496094, Train Accuracy: 50.0
Epoch: 1, Iteration 836, Loss: 46.31212615966797, Train Accuracy: 53.125
Epoch: 1, Iteration 838, Loss: 34.39216613769531, Train Accuracy: 65.625
Epoch: 1, Iteration 840, Loss: 51.87013244628906, Train Accuracy: 40.625
Epoch: 1, Iteration 842, Loss: 38.669071197509766, Train Accuracy: 53.125
Epoch: 1, Iteration 844, Loss: 43.673095703125, Train Accuracy: 53.125
Epoch: 1, Iteration 846, Loss: 42.06816864013672, Train Accuracy: 68.75
Epoch: 1, Iteration 848, Loss: 45.98347854614258, Train Accuracy: 40.625
Epoch: 1, Iteration 850, Loss: 38.83200454711914, Train Accuracy: 53.125
Epoch: 1, Iteration 852, Loss: 48.287017822265625, Train Accuracy: 43.75
Epoch: 1, Iteration 854, Loss: 45.5036506652832, Train Accuracy: 34.375
Epoch: 1, Iteration 856, Loss: 42.050567626953125, Train Accuracy: 53.125
Epoch: 1, Iteration 858, Loss: 45.76521682739258, Train Accuracy: 43.75
Epoch: 1, Iteration 860, Loss: 45.73367691040039, Train Accuracy: 46.875
Epoch: 1, Iteration 862, Loss: 45.245548248291016, Train Accuracy: 50.0
Epoch: 1, Iteration 864, Loss: 46.886478424072266, Train Accuracy: 43.75
Epoch: 1, Iteration 866, Loss: 44.15155792236328, Train Accuracy: 46.875
Epoch: 1, Iteration 868, Loss: 60.87134552001953, Train Accuracy: 25.0
Epoch: 1, Iteration 870, Loss: 40.00779724121094, Train Accuracy: 59.375
Epoch: 1, Iteration 872, Loss: 44.55278015136719, Train Accuracy: 40.625
Epoch: 1, Iteration 874, Loss: 41.08436584472656, Train Accuracy: 50.0
Epoch: 1, Iteration 876, Loss: 41.30413818359375, Train Accuracy: 46.875
Epoch: 1, Iteration 878, Loss: 45.90375900268555, Train Accuracy: 50.0
Epoch: 1, Iteration 880, Loss: 40.10967254638672, Train Accuracy: 59.375
Epoch: 1, Iteration 882, Loss: 43.28765106201172, Train Accuracy: 56.25
Epoch: 1, Iteration 884, Loss: 34.89601135253906, Train Accuracy: 59.375
Epoch: 1, Iteration 886, Loss: 38.822509765625, Train Accuracy: 68.75
Epoch: 1, Iteration 888, Loss: 43.459495544433594, Train Accuracy: 46.875
Epoch: 1, Iteration 890, Loss: 37.063209533691406, Train Accuracy: 65.625
Epoch: 1, Iteration 892, Loss: 45.530975341796875, Train Accuracy: 43.75
Epoch: 1, Iteration 894, Loss: 45.36289596557617, Train Accuracy: 40.625
Epoch: 1, Iteration 896, Loss: 39.32002258300781, Train Accuracy: 71.875
Epoch: 1, Iteration 898, Loss: 41.85268783569336, Train Accuracy: 62.5
Epoch: 1, Iteration 900, Loss: 45.189754486083984, Train Accuracy: 43.75
Accuracy 0.641130 with 1632 images
Epoch: 1, Iteration 902, Loss: 45.72907257080078, Train Accuracy: 40.625
Epoch: 1, Iteration 904, Loss: 43.1817626953125, Train Accuracy: 46.875
Epoch: 1, Iteration 906, Loss: 45.80883026123047, Train Accuracy: 31.25
Epoch: 1, Iteration 908, Loss: 44.185420989990234, Train Accuracy: 50.0
Epoch: 1, Iteration 910, Loss: 41.62261199951172, Train Accuracy: 62.5
Epoch: 1, Iteration 912, Loss: 40.887916564941406, Train Accuracy: 50.0
Epoch: 1, Iteration 914, Loss: 41.64737319946289, Train Accuracy: 43.75
Epoch: 1, Iteration 916, Loss: 44.573768615722656, Train Accuracy: 37.5
Epoch: 1, Iteration 918, Loss: 42.83879852294922, Train Accuracy: 46.875
Epoch: 1, Iteration 920, Loss: 43.53862380981445, Train Accuracy: 46.875
Epoch: 1, Iteration 922, Loss: 43.186363220214844, Train Accuracy: 46.875
Epoch: 1, Iteration 924, Loss: 41.57049560546875, Train Accuracy: 50.0
Epoch: 1, Iteration 926, Loss: 41.149200439453125, Train Accuracy: 46.875
Epoch: 1, Iteration 928, Loss: 34.58025360107422, Train Accuracy: 56.25
Epoch: 1, Iteration 930, Loss: 39.43410110473633, Train Accuracy: 53.125
Epoch: 1, Iteration 932, Loss: 41.80781555175781, Train Accuracy: 46.875
Epoch: 1, Iteration 934, Loss: 45.14561462402344, Train Accuracy: 53.125
Epoch: 1, Iteration 936, Loss: 45.56926345825195, Train Accuracy: 46.875
Epoch: 1, Iteration 938, Loss: 41.46889877319336, Train Accuracy: 56.25
Epoch: 1, Iteration 940, Loss: 46.868743896484375, Train Accuracy: 56.25
Epoch: 1, Iteration 942, Loss: 40.441162109375, Train Accuracy: 50.0
Epoch: 1, Iteration 944, Loss: 42.836997985839844, Train Accuracy: 46.875
Epoch: 1, Iteration 946, Loss: 43.48601150512695, Train Accuracy: 37.5
Epoch: 1, Iteration 948, Loss: 37.88031768798828, Train Accuracy: 56.25
Epoch: 1, Iteration 950, Loss: 44.636627197265625, Train Accuracy: 40.625
Epoch: 1, Iteration 952, Loss: 42.60066223144531, Train Accuracy: 46.875
Epoch: 1, Iteration 954, Loss: 37.23945617675781, Train Accuracy: 56.25
Epoch: 1, Iteration 956, Loss: 47.83442687988281, Train Accuracy: 43.75
Epoch: 1, Iteration 958, Loss: 38.83805847167969, Train Accuracy: 62.5
Epoch: 1, Iteration 960, Loss: 47.14085006713867, Train Accuracy: 50.0
Epoch: 1, Iteration 962, Loss: 40.034576416015625, Train Accuracy: 46.875
Epoch: 1, Iteration 964, Loss: 37.4376220703125, Train Accuracy: 50.0
Epoch: 1, Iteration 966, Loss: 41.93338394165039, Train Accuracy: 50.0
Epoch: 1, Iteration 968, Loss: 41.87073516845703, Train Accuracy: 50.0
Epoch: 1, Iteration 970, Loss: 43.81256866455078, Train Accuracy: 37.5
Epoch: 1, Iteration 972, Loss: 42.80268096923828, Train Accuracy: 50.0
Epoch: 1, Iteration 974, Loss: 41.37333679199219, Train Accuracy: 50.0
Epoch: 1, Iteration 976, Loss: 46.890830993652344, Train Accuracy: 43.75
Epoch: 1, Iteration 978, Loss: 46.74292755126953, Train Accuracy: 40.625
Epoch: 1, Iteration 980, Loss: 43.161521911621094, Train Accuracy: 43.75
Epoch: 1, Iteration 982, Loss: 46.456443786621094, Train Accuracy: 37.5
Epoch: 1, Iteration 984, Loss: 38.3892936706543, Train Accuracy: 43.75
Epoch: 1, Iteration 986, Loss: 42.65675354003906, Train Accuracy: 53.125
Epoch: 1, Iteration 988, Loss: 41.604698181152344, Train Accuracy: 56.25
Epoch: 1, Iteration 990, Loss: 40.581626892089844, Train Accuracy: 43.75
Epoch: 1, Iteration 992, Loss: 43.36911392211914, Train Accuracy: 40.625
Epoch: 1, Iteration 994, Loss: 36.54756164550781, Train Accuracy: 59.375
Epoch: 1, Iteration 996, Loss: 43.97355651855469, Train Accuracy: 65.625
Epoch: 1, Iteration 998, Loss: 39.79487609863281, Train Accuracy: 50.0
Epoch: 1, Iteration 1000, Loss: 42.07698059082031, Train Accuracy: 50.0
Accuracy 0.636578 with 1632 images
Epoch: 1, Iteration 1002, Loss: 45.798458099365234, Train Accuracy: 43.75
Epoch: 1, Iteration 1004, Loss: 42.65220642089844, Train Accuracy: 53.125
Epoch: 1, Iteration 1006, Loss: 46.020748138427734, Train Accuracy: 40.625
Epoch: 1, Iteration 1008, Loss: 44.613712310791016, Train Accuracy: 40.625
Epoch: 1, Iteration 1010, Loss: 41.87613296508789, Train Accuracy: 59.375
Epoch: 1, Iteration 1012, Loss: 40.8237190246582, Train Accuracy: 53.125
Epoch: 1, Iteration 1014, Loss: 42.146339416503906, Train Accuracy: 43.75
Epoch: 1, Iteration 1016, Loss: 44.45352554321289, Train Accuracy: 34.375
Epoch: 1, Iteration 1018, Loss: 43.492881774902344, Train Accuracy: 50.0
Epoch: 1, Iteration 1020, Loss: 44.44524002075195, Train Accuracy: 53.125
Epoch: 1, Iteration 1022, Loss: 40.914344787597656, Train Accuracy: 62.5
Epoch: 1, Iteration 1024, Loss: 36.61333084106445, Train Accuracy: 59.375
Epoch: 1, Iteration 1026, Loss: 43.326087951660156, Train Accuracy: 53.125
Epoch: 1, Iteration 1028, Loss: 30.61553192138672, Train Accuracy: 65.625
Epoch: 1, Iteration 1030, Loss: 34.932369232177734, Train Accuracy: 56.25
Epoch: 1, Iteration 1032, Loss: 39.343868255615234, Train Accuracy: 56.25
Epoch: 1, Iteration 1034, Loss: 41.387001037597656, Train Accuracy: 50.0
Epoch: 1, Iteration 1036, Loss: 43.84930419921875, Train Accuracy: 59.375
Epoch: 1, Iteration 1038, Loss: 42.96556091308594, Train Accuracy: 62.5
Epoch: 1, Iteration 1040, Loss: 42.18292999267578, Train Accuracy: 50.0
Epoch: 1, Iteration 1042, Loss: 48.825111389160156, Train Accuracy: 37.5
Epoch: 1, Iteration 1044, Loss: 35.60857009887695, Train Accuracy: 62.5
Epoch: 1, Iteration 1046, Loss: 44.7529182434082, Train Accuracy: 43.75
Epoch: 1, Iteration 1048, Loss: 40.03079605102539, Train Accuracy: 46.875
Epoch: 1, Iteration 1050, Loss: 43.35547637939453, Train Accuracy: 43.75
Epoch: 1, Iteration 1052, Loss: 39.563838958740234, Train Accuracy: 46.875
Epoch: 1, Iteration 1054, Loss: 44.83240509033203, Train Accuracy: 53.125
Epoch: 1, Iteration 1056, Loss: 42.68836975097656, Train Accuracy: 43.75
Epoch: 1, Iteration 1058, Loss: 41.825958251953125, Train Accuracy: 53.125
Epoch: 1, Iteration 1060, Loss: 40.298675537109375, Train Accuracy: 59.375
Epoch: 1, Iteration 1062, Loss: 47.241607666015625, Train Accuracy: 46.875
Epoch: 1, Iteration 1064, Loss: 44.74836730957031, Train Accuracy: 46.875
Epoch: 1, Iteration 1066, Loss: 39.175071716308594, Train Accuracy: 53.125
Epoch: 1, Iteration 1068, Loss: 36.070831298828125, Train Accuracy: 56.25
Epoch: 1, Iteration 1070, Loss: 45.768707275390625, Train Accuracy: 43.75
Epoch: 1, Iteration 1072, Loss: 40.61723327636719, Train Accuracy: 56.25
Epoch: 1, Iteration 1074, Loss: 42.8941764831543, Train Accuracy: 40.625
Epoch: 1, Iteration 1076, Loss: 45.408512115478516, Train Accuracy: 40.625
Epoch: 1, Iteration 1078, Loss: 39.58647155761719, Train Accuracy: 50.0
Epoch: 1, Iteration 1080, Loss: 38.251285552978516, Train Accuracy: 53.125
Epoch: 1, Iteration 1082, Loss: 42.046470642089844, Train Accuracy: 46.875
Epoch: 1, Iteration 1084, Loss: 40.21402359008789, Train Accuracy: 59.375
Epoch: 1, Iteration 1086, Loss: 41.937461853027344, Train Accuracy: 50.0
Epoch: 1, Iteration 1088, Loss: 44.399200439453125, Train Accuracy: 43.75
Epoch: 1, Iteration 1090, Loss: 38.98660659790039, Train Accuracy: 59.375
Epoch: 1, Iteration 1092, Loss: 43.665409088134766, Train Accuracy: 43.75
Epoch: 1, Iteration 1094, Loss: 39.38417434692383, Train Accuracy: 62.5
Epoch: 1, Iteration 1096, Loss: 39.02242660522461, Train Accuracy: 50.0
Epoch: 1, Iteration 1098, Loss: 40.58918762207031, Train Accuracy: 46.875
Epoch: 1, Iteration 1100, Loss: 35.972782135009766, Train Accuracy: 59.375
Accuracy 0.637801 with 1632 images
Epoch: 1, Iteration 1102, Loss: 33.710384368896484, Train Accuracy: 68.75
Epoch: 1, Iteration 1104, Loss: 46.54228591918945, Train Accuracy: 46.875
Epoch: 1, Iteration 1106, Loss: 42.8985481262207, Train Accuracy: 59.375
Epoch: 1, Iteration 1108, Loss: 48.647193908691406, Train Accuracy: 25.0
Epoch: 1, Iteration 1110, Loss: 41.89957046508789, Train Accuracy: 50.0
Epoch: 1, Iteration 1112, Loss: 43.62360382080078, Train Accuracy: 34.375
Epoch: 1, Iteration 1114, Loss: 45.038631439208984, Train Accuracy: 56.25
Epoch: 1, Iteration 1116, Loss: 42.150115966796875, Train Accuracy: 43.75
Epoch: 1, Iteration 1118, Loss: 43.08791732788086, Train Accuracy: 40.625
Epoch: 1, Iteration 1120, Loss: 42.67107391357422, Train Accuracy: 56.25
Epoch: 1, Iteration 1122, Loss: 39.44344711303711, Train Accuracy: 59.375
Epoch: 1, Iteration 1124, Loss: 41.72602081298828, Train Accuracy: 46.875
Epoch: 1, Iteration 1126, Loss: 32.780052185058594, Train Accuracy: 62.5
Epoch: 1, Iteration 1128, Loss: 48.575157165527344, Train Accuracy: 50.0
Epoch: 1, Iteration 1130, Loss: 43.93166732788086, Train Accuracy: 43.75
Epoch: 1, Iteration 1132, Loss: 42.536529541015625, Train Accuracy: 50.0
Epoch: 1, Iteration 1134, Loss: 38.90895462036133, Train Accuracy: 50.0
Epoch: 1, Iteration 1136, Loss: 40.77322006225586, Train Accuracy: 68.75
Epoch: 1, Iteration 1138, Loss: 33.85963439941406, Train Accuracy: 53.125
Epoch: 1, Iteration 1140, Loss: 42.68337631225586, Train Accuracy: 53.125
Epoch: 1, Iteration 1142, Loss: 35.27385711669922, Train Accuracy: 62.5
Epoch: 1, Iteration 1144, Loss: 46.31573486328125, Train Accuracy: 43.75
Epoch: 1, Iteration 1146, Loss: 44.041969299316406, Train Accuracy: 43.75
Epoch: 1, Iteration 1148, Loss: 35.747802734375, Train Accuracy: 62.5
Epoch: 1, Iteration 1150, Loss: 46.82747268676758, Train Accuracy: 43.75
Epoch: 1, Iteration 1152, Loss: 39.74076461791992, Train Accuracy: 59.375
Epoch: 1, Iteration 1154, Loss: 38.03778839111328, Train Accuracy: 53.125
Epoch: 1, Iteration 1156, Loss: 37.55815505981445, Train Accuracy: 68.75
Epoch: 1, Iteration 1158, Loss: 41.45680236816406, Train Accuracy: 46.875
Epoch: 1, Iteration 1160, Loss: 34.48006057739258, Train Accuracy: 68.75
Epoch: 1, Iteration 1162, Loss: 38.12776184082031, Train Accuracy: 62.5
Epoch: 1, Iteration 1164, Loss: 41.57342529296875, Train Accuracy: 50.0
Epoch: 1, Iteration 1166, Loss: 41.69359588623047, Train Accuracy: 46.875
Epoch: 1, Iteration 1168, Loss: 39.934532165527344, Train Accuracy: 50.0
Epoch: 1, Iteration 1170, Loss: 41.372100830078125, Train Accuracy: 43.75
Epoch: 1, Iteration 1172, Loss: 40.25761413574219, Train Accuracy: 46.875
Epoch: 1, Iteration 1174, Loss: 43.76667022705078, Train Accuracy: 59.375
Epoch: 1, Iteration 1176, Loss: 41.23757553100586, Train Accuracy: 56.25
Epoch: 1, Iteration 1178, Loss: 45.191986083984375, Train Accuracy: 40.625
Epoch: 1, Iteration 1180, Loss: 47.691795349121094, Train Accuracy: 40.625
Epoch: 1, Iteration 1182, Loss: 40.04054260253906, Train Accuracy: 46.875
Epoch: 1, Iteration 1184, Loss: 38.22700500488281, Train Accuracy: 68.75
Epoch: 1, Iteration 1186, Loss: 42.367759704589844, Train Accuracy: 43.75
Epoch: 1, Iteration 1188, Loss: 43.63585662841797, Train Accuracy: 43.75
Epoch: 1, Iteration 1190, Loss: 33.04457092285156, Train Accuracy: 53.125
Epoch: 1, Iteration 1192, Loss: 44.063995361328125, Train Accuracy: 53.125
Epoch: 1, Iteration 1194, Loss: 37.8416748046875, Train Accuracy: 71.875
Epoch: 1, Iteration 1196, Loss: 35.81444549560547, Train Accuracy: 62.5
Epoch: 1, Iteration 1198, Loss: 45.808326721191406, Train Accuracy: 43.75
Epoch: 1, Iteration 1200, Loss: 45.025604248046875, Train Accuracy: 53.125
Accuracy 0.638742 with 1632 images
Epoch: 1, Iteration 1202, Loss: 47.222076416015625, Train Accuracy: 40.625
Epoch: 1, Iteration 1204, Loss: 39.56201171875, Train Accuracy: 53.125
Epoch: 1, Iteration 1206, Loss: 46.433433532714844, Train Accuracy: 37.5
Epoch: 1, Iteration 1208, Loss: 46.036842346191406, Train Accuracy: 46.875
Epoch: 1, Iteration 1210, Loss: 41.80218505859375, Train Accuracy: 56.25
Epoch: 1, Iteration 1212, Loss: 40.71947479248047, Train Accuracy: 65.625
Epoch: 1, Iteration 1214, Loss: 38.325626373291016, Train Accuracy: 53.125
Epoch: 1, Iteration 1216, Loss: 48.95631408691406, Train Accuracy: 43.75
Epoch: 1, Iteration 1218, Loss: 44.02790832519531, Train Accuracy: 53.125
Epoch: 1, Iteration 1220, Loss: 32.85932540893555, Train Accuracy: 62.5
Epoch: 1, Iteration 1222, Loss: 50.10237121582031, Train Accuracy: 34.375
Epoch: 1, Iteration 1224, Loss: 41.80939865112305, Train Accuracy: 53.125
Epoch: 1, Iteration 1226, Loss: 43.25486373901367, Train Accuracy: 50.0
Epoch: 1, Iteration 1228, Loss: 41.88473892211914, Train Accuracy: 56.25
Epoch: 1, Iteration 1230, Loss: 37.5443115234375, Train Accuracy: 50.0
Epoch: 1, Iteration 1232, Loss: 39.77857971191406, Train Accuracy: 46.875
Epoch: 1, Iteration 1234, Loss: 50.37113952636719, Train Accuracy: 31.25
Epoch: 1, Iteration 1236, Loss: 44.15408706665039, Train Accuracy: 56.25
Epoch: 1, Iteration 1238, Loss: 44.01703643798828, Train Accuracy: 28.125
Epoch: 1, Iteration 1240, Loss: 46.49144744873047, Train Accuracy: 59.375
Epoch: 1, Iteration 1242, Loss: 41.73003387451172, Train Accuracy: 40.625
Epoch: 1, Iteration 1244, Loss: 42.73006057739258, Train Accuracy: 43.75
Epoch: 1, Iteration 1246, Loss: 45.02467727661133, Train Accuracy: 46.875
Epoch: 1, Iteration 1248, Loss: 46.02741241455078, Train Accuracy: 37.5
Epoch: 1, Iteration 1250, Loss: 42.648189544677734, Train Accuracy: 46.875
Epoch: 1, Iteration 1252, Loss: 44.428462982177734, Train Accuracy: 43.75
Epoch: 1, Iteration 1254, Loss: 36.026153564453125, Train Accuracy: 65.625
Epoch: 1, Iteration 1256, Loss: 45.336021423339844, Train Accuracy: 40.625
Epoch: 1, Iteration 1258, Loss: 41.12093734741211, Train Accuracy: 56.25
Epoch: 1, Iteration 1260, Loss: 40.150291442871094, Train Accuracy: 53.125
Epoch: 1, Iteration 1262, Loss: 40.244232177734375, Train Accuracy: 43.75
Epoch: 1, Iteration 1264, Loss: 42.76976776123047, Train Accuracy: 53.125
Epoch: 1, Iteration 1266, Loss: 43.75046157836914, Train Accuracy: 53.125
Epoch: 1, Iteration 1268, Loss: 41.09048080444336, Train Accuracy: 40.625
Epoch: 1, Iteration 1270, Loss: 39.29016876220703, Train Accuracy: 46.875
Epoch: 1, Iteration 1272, Loss: 36.45381546020508, Train Accuracy: 50.0
Epoch: 1, Iteration 1274, Loss: 44.48860168457031, Train Accuracy: 53.125
Epoch: 1, Iteration 1276, Loss: 42.301353454589844, Train Accuracy: 37.5
Epoch: 1, Iteration 1278, Loss: 42.982749938964844, Train Accuracy: 53.125
Epoch: 1, Iteration 1280, Loss: 41.18272399902344, Train Accuracy: 53.125
Epoch: 1, Iteration 1282, Loss: 45.04302215576172, Train Accuracy: 34.375
Epoch: 1, Iteration 1284, Loss: 39.87420654296875, Train Accuracy: 50.0
Epoch: 1, Iteration 1286, Loss: 51.42617416381836, Train Accuracy: 31.25
Epoch: 1, Iteration 1288, Loss: 42.244895935058594, Train Accuracy: 59.375
Epoch: 1, Iteration 1290, Loss: 38.64044952392578, Train Accuracy: 56.25
Epoch: 1, Iteration 1292, Loss: 44.53364181518555, Train Accuracy: 40.625
Epoch: 1, Iteration 1294, Loss: 39.641761779785156, Train Accuracy: 50.0
Epoch: 1, Iteration 1296, Loss: 47.01285171508789, Train Accuracy: 50.0
Epoch: 1, Iteration 1298, Loss: 40.08757781982422, Train Accuracy: 43.75
Epoch: 1, Iteration 1300, Loss: 43.039852142333984, Train Accuracy: 56.25
Accuracy 0.640207 with 1632 images
Epoch: 1, Iteration 1302, Loss: 40.57365036010742, Train Accuracy: 59.375
Epoch: 1, Iteration 1304, Loss: 45.15629196166992, Train Accuracy: 31.25
Epoch: 1, Iteration 1306, Loss: 40.293983459472656, Train Accuracy: 53.125
Epoch: 1, Iteration 1308, Loss: 42.85820007324219, Train Accuracy: 46.875
Epoch: 1, Iteration 1310, Loss: 43.919761657714844, Train Accuracy: 43.75
Epoch: 1, Iteration 1312, Loss: 40.03656005859375, Train Accuracy: 43.75
Epoch: 1, Iteration 1314, Loss: 35.00872039794922, Train Accuracy: 56.25
Epoch: 1, Iteration 1316, Loss: 40.13473892211914, Train Accuracy: 59.375
Epoch: 1, Iteration 1318, Loss: 40.88236999511719, Train Accuracy: 43.75
Epoch: 1, Iteration 1320, Loss: 44.43661117553711, Train Accuracy: 43.75
Epoch: 1, Iteration 1322, Loss: 41.323123931884766, Train Accuracy: 46.875
Epoch: 1, Iteration 1324, Loss: 43.157432556152344, Train Accuracy: 37.5
Epoch: 1, Iteration 1326, Loss: 40.11151123046875, Train Accuracy: 56.25
Epoch: 1, Iteration 1328, Loss: 41.84531784057617, Train Accuracy: 28.125
Epoch: 1, Iteration 1330, Loss: 43.99634552001953, Train Accuracy: 53.125
Epoch: 1, Iteration 1332, Loss: 39.77689743041992, Train Accuracy: 56.25
Epoch: 1, Iteration 1334, Loss: 39.905582427978516, Train Accuracy: 46.875
Epoch: 1, Iteration 1336, Loss: 44.15304946899414, Train Accuracy: 46.875
Epoch: 1, Iteration 1338, Loss: 38.14508819580078, Train Accuracy: 53.125
Epoch: 1, Iteration 1340, Loss: 37.713279724121094, Train Accuracy: 59.375
Epoch: 1, Iteration 1342, Loss: 43.10261154174805, Train Accuracy: 50.0
Epoch: 1, Iteration 1344, Loss: 37.15388488769531, Train Accuracy: 56.25
Epoch: 1, Iteration 1346, Loss: 39.521183013916016, Train Accuracy: 59.375
Epoch: 1, Iteration 1348, Loss: 38.11327362060547, Train Accuracy: 53.125
Epoch: 1, Iteration 1350, Loss: 37.340599060058594, Train Accuracy: 65.625
Epoch: 1, Iteration 1352, Loss: 39.386878967285156, Train Accuracy: 53.125
Epoch: 1, Iteration 1354, Loss: 39.7606201171875, Train Accuracy: 43.75
Epoch: 1, Iteration 1356, Loss: 40.664283752441406, Train Accuracy: 37.5
Epoch: 1, Iteration 1358, Loss: 42.77314376831055, Train Accuracy: 43.75
Epoch: 1, Iteration 1360, Loss: 37.869117736816406, Train Accuracy: 53.125
Epoch: 1, Iteration 1362, Loss: 43.933837890625, Train Accuracy: 59.375
Epoch: 1, Iteration 1364, Loss: 44.37578582763672, Train Accuracy: 46.875
Epoch: 1, Iteration 1366, Loss: 46.096824645996094, Train Accuracy: 37.5
Epoch: 1, Iteration 1368, Loss: 38.76731872558594, Train Accuracy: 50.0
Epoch: 1, Iteration 1370, Loss: 39.031864166259766, Train Accuracy: 46.875
Epoch: 1, Iteration 1372, Loss: 39.21675109863281, Train Accuracy: 62.5
Epoch: 1, Iteration 1374, Loss: 40.20447540283203, Train Accuracy: 56.25
Epoch: 1, Iteration 1376, Loss: 43.81660842895508, Train Accuracy: 46.875
Epoch: 1, Iteration 1378, Loss: 41.456302642822266, Train Accuracy: 56.25
Epoch: 1, Iteration 1380, Loss: 38.50011444091797, Train Accuracy: 59.375
Epoch: 1, Iteration 1382, Loss: 38.230857849121094, Train Accuracy: 53.125
Epoch: 1, Iteration 1384, Loss: 43.017051696777344, Train Accuracy: 46.875
Epoch: 1, Iteration 1386, Loss: 44.685523986816406, Train Accuracy: 46.875
Epoch: 1, Iteration 1388, Loss: 44.533226013183594, Train Accuracy: 37.5
Epoch: 1, Iteration 1390, Loss: 42.73035430908203, Train Accuracy: 59.375
Epoch: 1, Iteration 1392, Loss: 41.24644088745117, Train Accuracy: 62.5
Epoch: 1, Iteration 1394, Loss: 46.4715461730957, Train Accuracy: 40.625
Epoch: 1, Iteration 1396, Loss: 42.28605651855469, Train Accuracy: 56.25
Epoch: 1, Iteration 1398, Loss: 40.064979553222656, Train Accuracy: 50.0
Epoch: 1, Iteration 1400, Loss: 42.29804229736328, Train Accuracy: 46.875
Accuracy 0.639579 with 1632 images
Epoch: 1, Iteration 1402, Loss: 41.504878997802734, Train Accuracy: 62.5
Epoch: 1, Iteration 1404, Loss: 38.082149505615234, Train Accuracy: 59.375
Epoch: 1, Iteration 1406, Loss: 38.754451751708984, Train Accuracy: 50.0
Epoch: 1, Iteration 1408, Loss: 39.32586669921875, Train Accuracy: 50.0
Epoch: 1, Iteration 1410, Loss: 46.61235427856445, Train Accuracy: 43.75
Epoch: 1, Iteration 1412, Loss: 40.209468841552734, Train Accuracy: 53.125
Epoch: 1, Iteration 1414, Loss: 42.28995132446289, Train Accuracy: 59.375
Epoch: 1, Iteration 1416, Loss: 41.515480041503906, Train Accuracy: 62.5
Epoch: 1, Iteration 1418, Loss: 45.64463806152344, Train Accuracy: 53.125
Epoch: 1, Iteration 1420, Loss: 41.40573501586914, Train Accuracy: 53.125
Epoch: 1, Iteration 1422, Loss: 38.575138092041016, Train Accuracy: 53.125
Epoch: 1, Iteration 1424, Loss: 41.26929473876953, Train Accuracy: 56.25
Epoch: 1, Iteration 1426, Loss: 38.51020431518555, Train Accuracy: 59.375
Epoch: 1, Iteration 1428, Loss: 48.14583969116211, Train Accuracy: 40.625
Epoch: 1, Iteration 1430, Loss: 39.66322708129883, Train Accuracy: 62.5
Epoch: 1, Iteration 1432, Loss: 49.29197692871094, Train Accuracy: 46.875
Epoch: 1, Iteration 1434, Loss: 36.90711212158203, Train Accuracy: 53.125
Epoch: 1, Iteration 1436, Loss: 41.385231018066406, Train Accuracy: 43.75
Epoch: 1, Iteration 1438, Loss: 40.659568786621094, Train Accuracy: 46.875
Epoch: 1, Iteration 1440, Loss: 43.181644439697266, Train Accuracy: 59.375
Epoch: 1, Iteration 1442, Loss: 44.648563385009766, Train Accuracy: 34.375
Epoch: 1, Iteration 1444, Loss: 43.321990966796875, Train Accuracy: 56.25
Epoch: 1, Iteration 1446, Loss: 38.81588363647461, Train Accuracy: 50.0
Epoch: 1, Iteration 1448, Loss: 44.82041931152344, Train Accuracy: 40.625
Epoch: 1, Iteration 1450, Loss: 44.01935577392578, Train Accuracy: 50.0
Epoch: 1, Iteration 1452, Loss: 43.054603576660156, Train Accuracy: 46.875
Epoch: 1, Iteration 1454, Loss: 44.27138900756836, Train Accuracy: 46.875
Epoch: 1, Iteration 1456, Loss: 43.07005310058594, Train Accuracy: 46.875
Epoch: 1, Iteration 1458, Loss: 43.52229309082031, Train Accuracy: 56.25
Epoch: 1, Iteration 1460, Loss: 42.86811065673828, Train Accuracy: 40.625
Epoch: 1, Iteration 1462, Loss: 41.35210037231445, Train Accuracy: 50.0
Epoch: 1, Iteration 1464, Loss: 44.94834518432617, Train Accuracy: 40.625
Epoch: 1, Iteration 1466, Loss: 36.28060531616211, Train Accuracy: 50.0
Epoch: 1, Iteration 1468, Loss: 41.083377838134766, Train Accuracy: 53.125
Epoch: 1, Iteration 1470, Loss: 42.3214111328125, Train Accuracy: 50.0
Epoch: 1, Iteration 1472, Loss: 46.37139129638672, Train Accuracy: 37.5
Epoch: 1, Iteration 1474, Loss: 37.640724182128906, Train Accuracy: 53.125
Epoch: 1, Iteration 1476, Loss: 35.83219909667969, Train Accuracy: 62.5
Epoch: 1, Iteration 1478, Loss: 36.265235900878906, Train Accuracy: 62.5
Epoch: 1, Iteration 1480, Loss: 44.548439025878906, Train Accuracy: 37.5
Epoch: 1, Iteration 1482, Loss: 39.0809326171875, Train Accuracy: 62.5
Epoch: 1, Iteration 1484, Loss: 36.00536346435547, Train Accuracy: 59.375
Epoch: 1, Iteration 1486, Loss: 44.50360107421875, Train Accuracy: 46.875
Epoch: 1, Iteration 1488, Loss: 35.217262268066406, Train Accuracy: 59.375
Epoch: 1, Iteration 1490, Loss: 34.922142028808594, Train Accuracy: 71.875
Epoch: 1, Iteration 1492, Loss: 43.24274444580078, Train Accuracy: 56.25
Epoch: 1, Iteration 1494, Loss: 41.177833557128906, Train Accuracy: 50.0
Epoch: 1, Iteration 1496, Loss: 43.779117584228516, Train Accuracy: 37.5
Epoch: 1, Iteration 1498, Loss: 41.37259292602539, Train Accuracy: 53.125
Epoch: 1, Iteration 1500, Loss: 50.41655731201172, Train Accuracy: 40.625
Accuracy 0.638765 with 1632 images
Epoch: 1, Iteration 1502, Loss: 41.29625701904297, Train Accuracy: 40.625
Epoch: 1, Iteration 1504, Loss: 36.75968933105469, Train Accuracy: 59.375
Epoch: 1, Iteration 1506, Loss: 42.326263427734375, Train Accuracy: 46.875
Epoch: 1, Iteration 1508, Loss: 37.785919189453125, Train Accuracy: 56.25
Epoch: 1, Iteration 1510, Loss: 35.51246643066406, Train Accuracy: 56.25
Epoch: 1, Iteration 1512, Loss: 40.66175842285156, Train Accuracy: 53.125
Epoch: 1, Iteration 1514, Loss: 41.296180725097656, Train Accuracy: 46.875
Epoch: 1, Iteration 1516, Loss: 41.597373962402344, Train Accuracy: 46.875
Epoch: 1, Iteration 1518, Loss: 42.6222038269043, Train Accuracy: 40.625
Epoch: 1, Iteration 1520, Loss: 41.71776580810547, Train Accuracy: 59.375
Epoch: 1, Iteration 1522, Loss: 44.140769958496094, Train Accuracy: 62.5
Epoch: 1, Iteration 1524, Loss: 44.140010833740234, Train Accuracy: 62.5
Epoch: 1, Iteration 1526, Loss: 41.73607635498047, Train Accuracy: 50.0
Epoch: 1, Iteration 1528, Loss: 43.53133773803711, Train Accuracy: 43.75
Epoch: 1, Iteration 1530, Loss: 41.778045654296875, Train Accuracy: 50.0
Epoch: 1, Iteration 1532, Loss: 35.661598205566406, Train Accuracy: 56.25
Epoch: 1, Iteration 1534, Loss: 39.24176025390625, Train Accuracy: 56.25
Epoch: 1, Iteration 1536, Loss: 44.871482849121094, Train Accuracy: 46.875
Epoch: 1, Iteration 1538, Loss: 41.31327438354492, Train Accuracy: 43.75
Epoch: 1, Iteration 1540, Loss: 46.35624694824219, Train Accuracy: 50.0
Epoch: 1, Iteration 1542, Loss: 41.07204818725586, Train Accuracy: 56.25
Epoch: 1, Iteration 1544, Loss: 42.365779876708984, Train Accuracy: 40.625
Epoch: 1, Iteration 1546, Loss: 37.634769439697266, Train Accuracy: 56.25
Epoch: 1, Iteration 1548, Loss: 43.02727127075195, Train Accuracy: 40.625
Epoch: 1, Iteration 1550, Loss: 44.780250549316406, Train Accuracy: 43.75
Epoch: 1, Iteration 1552, Loss: 37.36961364746094, Train Accuracy: 46.875
Epoch: 1, Iteration 1554, Loss: 39.7122917175293, Train Accuracy: 50.0
Epoch: 1, Iteration 1556, Loss: 42.615684509277344, Train Accuracy: 43.75
Epoch: 1, Iteration 1558, Loss: 43.817779541015625, Train Accuracy: 43.75
Epoch: 1, Iteration 1560, Loss: 46.13813018798828, Train Accuracy: 56.25
Epoch: 1, Iteration 1562, Loss: 42.25807571411133, Train Accuracy: 56.25
Epoch: 1, Iteration 1564, Loss: 38.9798583984375, Train Accuracy: 59.375
Epoch: 1, Iteration 1566, Loss: 42.667503356933594, Train Accuracy: 43.75
Epoch: 1, Iteration 1568, Loss: 46.28451156616211, Train Accuracy: 40.625
Epoch: 1, Iteration 1570, Loss: 43.070194244384766, Train Accuracy: 50.0
Epoch: 1, Iteration 1572, Loss: 39.752410888671875, Train Accuracy: 59.375
Epoch: 1, Iteration 1574, Loss: 43.57847213745117, Train Accuracy: 50.0
Epoch: 1, Iteration 1576, Loss: 46.9076042175293, Train Accuracy: 50.0
Epoch: 1, Iteration 1578, Loss: 39.402137756347656, Train Accuracy: 40.625
Epoch: 1, Iteration 1580, Loss: 44.05957794189453, Train Accuracy: 43.75
Epoch: 1, Iteration 1582, Loss: 46.78626251220703, Train Accuracy: 37.5
Epoch: 1, Iteration 1584, Loss: 40.59000778198242, Train Accuracy: 37.5
Epoch: 1, Iteration 1586, Loss: 40.657310485839844, Train Accuracy: 40.625
Epoch: 1, Iteration 1588, Loss: 46.7442626953125, Train Accuracy: 43.75
Epoch: 1, Iteration 1590, Loss: 39.09599304199219, Train Accuracy: 65.625
Epoch: 1, Iteration 1592, Loss: 39.41693115234375, Train Accuracy: 50.0
Epoch: 1, Iteration 1594, Loss: 38.077308654785156, Train Accuracy: 53.125
Epoch: 1, Iteration 1596, Loss: 43.25189971923828, Train Accuracy: 46.875
Epoch: 1, Iteration 1598, Loss: 34.57061767578125, Train Accuracy: 68.75
Epoch: 1, Iteration 1600, Loss: 42.783573150634766, Train Accuracy: 56.25
Accuracy 0.637948 with 1632 images
Epoch: 1, Iteration 1602, Loss: 40.29479217529297, Train Accuracy: 50.0
Epoch: 1, Iteration 1604, Loss: 40.98954391479492, Train Accuracy: 56.25
Epoch: 1, Iteration 1606, Loss: 38.927547454833984, Train Accuracy: 75.0
Epoch: 1, Iteration 1608, Loss: 39.679840087890625, Train Accuracy: 43.75
Epoch: 1, Iteration 1610, Loss: 33.671112060546875, Train Accuracy: 56.25
Epoch: 1, Iteration 1612, Loss: 44.98072052001953, Train Accuracy: 37.5
Epoch: 1, Iteration 1614, Loss: 42.34650421142578, Train Accuracy: 53.125
Epoch: 1, Iteration 1616, Loss: 40.399330139160156, Train Accuracy: 56.25
Epoch: 1, Iteration 1618, Loss: 37.87854766845703, Train Accuracy: 40.625
Epoch: 1, Iteration 1620, Loss: 38.543025970458984, Train Accuracy: 59.375
Epoch: 1, Iteration 1622, Loss: 41.51395797729492, Train Accuracy: 40.625
Epoch: 1, Iteration 1624, Loss: 47.88085174560547, Train Accuracy: 40.625
Epoch: 1, Iteration 1626, Loss: 37.36243438720703, Train Accuracy: 59.375
Epoch: 1, Iteration 1628, Loss: 38.616539001464844, Train Accuracy: 53.125
Epoch: 1, Iteration 1630, Loss: 46.200531005859375, Train Accuracy: 43.75
Epoch: 1, Iteration 1632, Loss: 46.99706268310547, Train Accuracy: 43.75
Epoch: 1, Iteration 1634, Loss: 40.86739730834961, Train Accuracy: 50.0
Epoch: 1, Iteration 1636, Loss: 37.849063873291016, Train Accuracy: 43.75
Epoch: 1, Iteration 1638, Loss: 44.23270034790039, Train Accuracy: 50.0
Epoch: 1, Iteration 1640, Loss: 43.22150802612305, Train Accuracy: 37.5
Epoch: 1, Iteration 1642, Loss: 35.56768035888672, Train Accuracy: 53.125
Epoch: 1, Iteration 1644, Loss: 37.95058059692383, Train Accuracy: 53.125
Epoch: 1, Iteration 1646, Loss: 43.62836837768555, Train Accuracy: 50.0
Epoch: 1, Iteration 1648, Loss: 46.26115417480469, Train Accuracy: 50.0
Epoch: 1, Iteration 1650, Loss: 46.261871337890625, Train Accuracy: 40.625
Epoch: 1, Iteration 1652, Loss: 39.9482536315918, Train Accuracy: 56.25
Epoch: 1, Iteration 1654, Loss: 43.951324462890625, Train Accuracy: 34.375
Epoch: 1, Iteration 1656, Loss: 45.77637481689453, Train Accuracy: 56.25
Epoch: 1, Iteration 1658, Loss: 40.666412353515625, Train Accuracy: 37.5
Epoch: 1, Iteration 1660, Loss: 39.061363220214844, Train Accuracy: 53.125
Epoch: 1, Iteration 1662, Loss: 37.200904846191406, Train Accuracy: 59.375
Epoch: 1, Iteration 1664, Loss: 39.24828338623047, Train Accuracy: 46.875
Epoch: 1, Iteration 1666, Loss: 47.598968505859375, Train Accuracy: 53.125
Epoch: 1, Iteration 1668, Loss: 42.24961853027344, Train Accuracy: 46.875
Epoch: 1, Iteration 1670, Loss: 40.05925750732422, Train Accuracy: 50.0
Epoch: 1, Iteration 1672, Loss: 35.078773498535156, Train Accuracy: 59.375
Epoch: 1, Iteration 1674, Loss: 41.400634765625, Train Accuracy: 43.75
Epoch: 1, Iteration 1676, Loss: 43.16798400878906, Train Accuracy: 50.0
Epoch: 1, Iteration 1678, Loss: 41.76492691040039, Train Accuracy: 56.25
Epoch: 1, Iteration 1680, Loss: 44.36307144165039, Train Accuracy: 50.0
Epoch: 1, Iteration 1682, Loss: 43.405738830566406, Train Accuracy: 40.625
Epoch: 1, Iteration 1684, Loss: 40.70458221435547, Train Accuracy: 56.25
Epoch: 1, Iteration 1686, Loss: 42.770416259765625, Train Accuracy: 43.75
Epoch: 1, Iteration 1688, Loss: 41.12694549560547, Train Accuracy: 46.875
Epoch: 1, Iteration 1690, Loss: 35.38922882080078, Train Accuracy: 65.625
Epoch: 1, Iteration 1692, Loss: 46.753501892089844, Train Accuracy: 31.25
Epoch: 1, Iteration 1694, Loss: 37.047996520996094, Train Accuracy: 62.5
Epoch: 1, Iteration 1696, Loss: 35.68852996826172, Train Accuracy: 56.25
Epoch: 1, Iteration 1698, Loss: 42.823829650878906, Train Accuracy: 40.625
Epoch: 1, Iteration 1700, Loss: 37.12091827392578, Train Accuracy: 59.375
Accuracy 0.640064 with 1632 images
Epoch: 1, Iteration 1702, Loss: 37.76060485839844, Train Accuracy: 46.875
Epoch: 1, Iteration 1704, Loss: 45.443824768066406, Train Accuracy: 43.75
Epoch: 1, Iteration 1706, Loss: 38.84589385986328, Train Accuracy: 56.25
Epoch: 1, Iteration 1708, Loss: 40.419715881347656, Train Accuracy: 50.0
Epoch: 1, Iteration 1710, Loss: 38.783294677734375, Train Accuracy: 56.25
Epoch: 1, Iteration 1712, Loss: 46.5943603515625, Train Accuracy: 37.5
Epoch: 1, Iteration 1714, Loss: 40.89224624633789, Train Accuracy: 40.625
Epoch: 1, Iteration 1716, Loss: 42.76128005981445, Train Accuracy: 50.0
Epoch: 1, Iteration 1718, Loss: 47.045448303222656, Train Accuracy: 46.875
Epoch: 1, Iteration 1720, Loss: 42.43534851074219, Train Accuracy: 56.25
Epoch: 1, Iteration 1722, Loss: 39.339088439941406, Train Accuracy: 53.125
Epoch: 1, Iteration 1724, Loss: 41.26225280761719, Train Accuracy: 43.75
Epoch: 1, Iteration 1726, Loss: 41.928253173828125, Train Accuracy: 46.875
Epoch: 1, Iteration 1728, Loss: 33.47050857543945, Train Accuracy: 68.75
Epoch: 1, Iteration 1730, Loss: 46.49144744873047, Train Accuracy: 43.75
Epoch: 1, Iteration 1732, Loss: 40.62257766723633, Train Accuracy: 59.375
Epoch: 1, Iteration 1734, Loss: 37.267330169677734, Train Accuracy: 56.25
Epoch: 1, Iteration 1736, Loss: 34.65828323364258, Train Accuracy: 59.375
Epoch: 1, Iteration 1738, Loss: 42.04550552368164, Train Accuracy: 37.5
Epoch: 1, Iteration 1740, Loss: 40.53154754638672, Train Accuracy: 43.75
Epoch: 1, Iteration 1742, Loss: 45.6229133605957, Train Accuracy: 46.875
Epoch: 1, Iteration 1744, Loss: 49.432151794433594, Train Accuracy: 56.25
Epoch: 1, Iteration 1746, Loss: 45.580963134765625, Train Accuracy: 53.125
Epoch: 1, Iteration 1748, Loss: 39.926483154296875, Train Accuracy: 43.75
Epoch: 1, Iteration 1750, Loss: 42.370704650878906, Train Accuracy: 56.25
Epoch: 1, Iteration 1752, Loss: 46.842674255371094, Train Accuracy: 40.625
Epoch: 1, Iteration 1754, Loss: 38.944847106933594, Train Accuracy: 53.125
Epoch: 1, Iteration 1756, Loss: 35.258426666259766, Train Accuracy: 53.125
Epoch: 1, Iteration 1758, Loss: 42.66804504394531, Train Accuracy: 56.25
Epoch: 1, Iteration 1760, Loss: 41.71906280517578, Train Accuracy: 53.125
Epoch: 1, Iteration 1762, Loss: 45.08173370361328, Train Accuracy: 46.875
Epoch: 1, Iteration 1764, Loss: 39.77631378173828, Train Accuracy: 59.375
Epoch: 1, Iteration 1766, Loss: 43.73897171020508, Train Accuracy: 50.0
Epoch: 1, Iteration 1768, Loss: 37.619041442871094, Train Accuracy: 56.25
Epoch: 1, Iteration 1770, Loss: 49.16399383544922, Train Accuracy: 40.625
Epoch: 1, Iteration 1772, Loss: 50.76432800292969, Train Accuracy: 46.875
Epoch: 1, Iteration 1774, Loss: 37.33302688598633, Train Accuracy: 71.875
Epoch: 1, Iteration 1776, Loss: 43.11555480957031, Train Accuracy: 43.75
Epoch: 1, Iteration 1778, Loss: 43.61412048339844, Train Accuracy: 46.875
Epoch: 1, Iteration 1780, Loss: 42.86951446533203, Train Accuracy: 50.0
Epoch: 1, Iteration 1782, Loss: 42.07695770263672, Train Accuracy: 53.125
Epoch: 1, Iteration 1784, Loss: 40.39488983154297, Train Accuracy: 46.875
Epoch: 1, Iteration 1786, Loss: 44.29315948486328, Train Accuracy: 59.375
Epoch: 1, Iteration 1788, Loss: 40.877342224121094, Train Accuracy: 53.125
Epoch: 1, Iteration 1790, Loss: 39.49504089355469, Train Accuracy: 56.25
Epoch: 1, Iteration 1792, Loss: 43.30335235595703, Train Accuracy: 37.5
Epoch: 1, Iteration 1794, Loss: 41.25538635253906, Train Accuracy: 46.875
Epoch: 1, Iteration 1796, Loss: 43.59615707397461, Train Accuracy: 43.75
Epoch: 1, Iteration 1798, Loss: 41.79313659667969, Train Accuracy: 50.0
Epoch: 1, Iteration 1800, Loss: 39.695899963378906, Train Accuracy: 53.125
Accuracy 0.642708 with 1632 images
Epoch: 1, Iteration 1802, Loss: 43.790771484375, Train Accuracy: 40.625
Epoch: 1, Iteration 1804, Loss: 42.16856002807617, Train Accuracy: 46.875
Epoch: 1, Iteration 1806, Loss: 40.80436706542969, Train Accuracy: 50.0
Epoch: 1, Iteration 1808, Loss: 39.272430419921875, Train Accuracy: 56.25
Epoch: 1, Iteration 1810, Loss: 40.78371047973633, Train Accuracy: 43.75
Epoch: 1, Iteration 1812, Loss: 39.90838623046875, Train Accuracy: 62.5
Epoch: 1, Iteration 1814, Loss: 42.60223388671875, Train Accuracy: 46.875
Epoch: 1, Iteration 1816, Loss: 43.58955001831055, Train Accuracy: 53.125
Epoch: 1, Iteration 1818, Loss: 47.548133850097656, Train Accuracy: 43.75
Epoch: 1, Iteration 1820, Loss: 43.03691101074219, Train Accuracy: 43.75
Epoch: 1, Iteration 1822, Loss: 42.97693634033203, Train Accuracy: 43.75
Epoch: 1, Iteration 1824, Loss: 43.72028350830078, Train Accuracy: 46.875
Epoch: 1, Iteration 1826, Loss: 44.20221710205078, Train Accuracy: 59.375
Epoch: 1, Iteration 1828, Loss: 46.96271514892578, Train Accuracy: 56.25
Epoch: 1, Iteration 1830, Loss: 43.37628936767578, Train Accuracy: 46.875
Epoch: 1, Iteration 1832, Loss: 41.033382415771484, Train Accuracy: 59.375
Epoch: 1, Iteration 1834, Loss: 40.021690368652344, Train Accuracy: 53.125
Epoch: 1, Iteration 1836, Loss: 38.74114227294922, Train Accuracy: 50.0
Epoch: 1, Iteration 1838, Loss: 41.225730895996094, Train Accuracy: 53.125
Epoch: 1, Iteration 1840, Loss: 46.1106071472168, Train Accuracy: 50.0
Epoch: 1, Iteration 1842, Loss: 39.164066314697266, Train Accuracy: 53.125
Epoch: 1, Iteration 1844, Loss: 41.37530517578125, Train Accuracy: 50.0
Epoch: 1, Iteration 1846, Loss: 38.08125686645508, Train Accuracy: 75.0
Epoch: 1, Iteration 1848, Loss: 42.03704833984375, Train Accuracy: 43.75
Epoch: 1, Iteration 1850, Loss: 43.465763092041016, Train Accuracy: 50.0
Epoch: 1, Iteration 1852, Loss: 39.20741653442383, Train Accuracy: 43.75
Epoch: 1, Iteration 1854, Loss: 48.111968994140625, Train Accuracy: 37.5
Epoch: 1, Iteration 1856, Loss: 43.31227493286133, Train Accuracy: 46.875
Epoch: 1, Iteration 1858, Loss: 43.38378143310547, Train Accuracy: 59.375
Epoch: 1, Iteration 1860, Loss: 42.02216339111328, Train Accuracy: 31.25
Epoch: 1, Iteration 1862, Loss: 35.17347717285156, Train Accuracy: 50.0
Epoch: 1, Iteration 1864, Loss: 40.7319221496582, Train Accuracy: 53.125
Epoch: 1, Iteration 1866, Loss: 43.73371887207031, Train Accuracy: 59.375
Epoch: 1, Iteration 1868, Loss: 51.04346466064453, Train Accuracy: 37.5
Epoch: 1, Iteration 1870, Loss: 55.78667449951172, Train Accuracy: 28.125
Epoch: 1, Iteration 1872, Loss: 41.80013656616211, Train Accuracy: 56.25
Epoch: 1, Iteration 1874, Loss: 49.22238540649414, Train Accuracy: 40.625
Epoch: 1, Iteration 1876, Loss: 43.363548278808594, Train Accuracy: 43.75
Epoch: 1, Iteration 1878, Loss: 40.47023010253906, Train Accuracy: 56.25
Epoch: 1, Iteration 1880, Loss: 44.06626510620117, Train Accuracy: 40.625
Epoch: 1, Iteration 1882, Loss: 39.228363037109375, Train Accuracy: 46.875
Epoch: 1, Iteration 1884, Loss: 44.044105529785156, Train Accuracy: 53.125
Epoch: 1, Iteration 1886, Loss: 42.73991394042969, Train Accuracy: 43.75
Epoch: 1, Iteration 1888, Loss: 40.43061828613281, Train Accuracy: 50.0
Epoch: 1, Iteration 1890, Loss: 45.992591857910156, Train Accuracy: 37.5
Epoch: 1, Iteration 1892, Loss: 40.966773986816406, Train Accuracy: 53.125
Epoch: 1, Iteration 1894, Loss: 48.26789093017578, Train Accuracy: 40.625
Epoch: 1, Iteration 1896, Loss: 40.81513595581055, Train Accuracy: 65.625
Epoch: 1, Iteration 1898, Loss: 34.895599365234375, Train Accuracy: 59.375
Epoch: 1, Iteration 1900, Loss: 43.85090255737305, Train Accuracy: 56.25
Accuracy 0.641827 with 1632 images
Epoch: 1, Iteration 1902, Loss: 36.203895568847656, Train Accuracy: 65.625
Epoch: 1, Iteration 1904, Loss: 46.87847900390625, Train Accuracy: 40.625
Epoch: 1, Iteration 1906, Loss: 39.14307403564453, Train Accuracy: 46.875
Epoch: 1, Iteration 1908, Loss: 35.67046356201172, Train Accuracy: 43.75
Epoch: 1, Iteration 1910, Loss: 42.624271392822266, Train Accuracy: 43.75
Epoch: 1, Iteration 1912, Loss: 39.39277648925781, Train Accuracy: 46.875
Epoch: 1, Iteration 1914, Loss: 45.83820343017578, Train Accuracy: 53.125
Epoch: 1, Iteration 1916, Loss: 40.520362854003906, Train Accuracy: 46.875
Epoch: 1, Iteration 1918, Loss: 38.36234664916992, Train Accuracy: 50.0
Epoch: 1, Iteration 1920, Loss: 42.41850280761719, Train Accuracy: 43.75
Epoch: 1, Iteration 1922, Loss: 45.14421844482422, Train Accuracy: 40.625
Epoch: 1, Iteration 1924, Loss: 45.872596740722656, Train Accuracy: 46.875
Epoch: 1, Iteration 1926, Loss: 41.84366989135742, Train Accuracy: 56.25
Epoch: 1, Iteration 1928, Loss: 40.938514709472656, Train Accuracy: 46.875
Epoch: 1, Iteration 1930, Loss: 39.81361389160156, Train Accuracy: 43.75
Epoch: 1, Iteration 1932, Loss: 46.25019836425781, Train Accuracy: 43.75
Epoch: 1, Iteration 1934, Loss: 39.90458679199219, Train Accuracy: 53.125
Epoch: 1, Iteration 1936, Loss: 41.00225830078125, Train Accuracy: 62.5
Epoch: 1, Iteration 1938, Loss: 41.12818908691406, Train Accuracy: 53.125
Epoch: 1, Iteration 1940, Loss: 37.889617919921875, Train Accuracy: 59.375
Epoch: 1, Iteration 1942, Loss: 44.343406677246094, Train Accuracy: 50.0
Epoch: 1, Iteration 1944, Loss: 37.01812744140625, Train Accuracy: 59.375
Epoch: 1, Iteration 1946, Loss: 43.92578887939453, Train Accuracy: 46.875
Epoch: 1, Iteration 1948, Loss: 40.627525329589844, Train Accuracy: 56.25
Epoch: 1, Iteration 1950, Loss: 39.18138885498047, Train Accuracy: 50.0
Epoch: 1, Iteration 1952, Loss: 43.982154846191406, Train Accuracy: 50.0
Epoch: 1, Iteration 1954, Loss: 35.638267517089844, Train Accuracy: 53.125
Epoch: 1, Iteration 1956, Loss: 40.328094482421875, Train Accuracy: 56.25
Epoch: 1, Iteration 1958, Loss: 39.56270980834961, Train Accuracy: 56.25
Epoch: 1, Iteration 1960, Loss: 33.73828125, Train Accuracy: 62.5
Epoch: 1, Iteration 1962, Loss: 37.15264129638672, Train Accuracy: 65.625
Epoch: 1, Iteration 1964, Loss: 37.77845764160156, Train Accuracy: 56.25
Epoch: 1, Iteration 1966, Loss: 41.929420471191406, Train Accuracy: 46.875
Epoch: 1, Iteration 1968, Loss: 40.16425323486328, Train Accuracy: 53.125
Epoch: 1, Iteration 1970, Loss: 39.439117431640625, Train Accuracy: 46.875
Epoch: 1, Iteration 1972, Loss: 40.22283935546875, Train Accuracy: 53.125
Epoch: 1, Iteration 1974, Loss: 41.983516693115234, Train Accuracy: 56.25
Epoch: 1, Iteration 1976, Loss: 40.321815490722656, Train Accuracy: 56.25
Epoch: 1, Iteration 1978, Loss: 41.57659912109375, Train Accuracy: 53.125
Epoch: 1, Iteration 1980, Loss: 37.68846893310547, Train Accuracy: 43.75
Epoch: 1, Iteration 1982, Loss: 41.806922912597656, Train Accuracy: 53.125
Epoch: 1, Iteration 1984, Loss: 46.34099578857422, Train Accuracy: 40.625
Epoch: 1, Iteration 1986, Loss: 34.795135498046875, Train Accuracy: 53.125
Epoch: 1, Iteration 1988, Loss: 39.42140197753906, Train Accuracy: 53.125
Epoch: 1, Iteration 1990, Loss: 42.94849395751953, Train Accuracy: 53.125
Epoch: 1, Iteration 1992, Loss: 40.706905364990234, Train Accuracy: 46.875
Epoch: 1, Iteration 1994, Loss: 43.366294860839844, Train Accuracy: 43.75
Epoch: 1, Iteration 1996, Loss: 46.897560119628906, Train Accuracy: 53.125
Epoch: 1, Iteration 1998, Loss: 41.784393310546875, Train Accuracy: 43.75
Epoch: 1, Iteration 2000, Loss: 47.785194396972656, Train Accuracy: 40.625
Accuracy 0.636101 with 1632 images
Epoch: 1, Iteration 2002, Loss: 39.71512222290039, Train Accuracy: 43.75
Epoch: 1, Iteration 2004, Loss: 33.43052673339844, Train Accuracy: 59.375
Epoch: 1, Iteration 2006, Loss: 37.96185302734375, Train Accuracy: 62.5
Epoch: 1, Iteration 2008, Loss: 44.56493377685547, Train Accuracy: 37.5
Epoch: 1, Iteration 2010, Loss: 43.8812255859375, Train Accuracy: 59.375
Epoch: 1, Iteration 2012, Loss: 42.4412727355957, Train Accuracy: 46.875
Epoch: 1, Iteration 2014, Loss: 41.230262756347656, Train Accuracy: 43.75
Epoch: 1, Iteration 2016, Loss: 43.254234313964844, Train Accuracy: 56.25
Epoch: 1, Iteration 2018, Loss: 44.00175476074219, Train Accuracy: 53.125
Epoch: 1, Iteration 2020, Loss: 48.761802673339844, Train Accuracy: 40.625
Epoch: 1, Iteration 2022, Loss: 39.41194152832031, Train Accuracy: 53.125
Epoch: 1, Iteration 2024, Loss: 36.62074279785156, Train Accuracy: 56.25
Epoch: 1, Iteration 2026, Loss: 40.68185043334961, Train Accuracy: 56.25
Epoch: 1, Iteration 2028, Loss: 40.31850051879883, Train Accuracy: 50.0
Epoch: 1, Iteration 2030, Loss: 32.74730682373047, Train Accuracy: 59.375
Epoch: 1, Iteration 2032, Loss: 40.848480224609375, Train Accuracy: 56.25
Epoch: 1, Iteration 2034, Loss: 46.11884307861328, Train Accuracy: 46.875
Epoch: 1, Iteration 2036, Loss: 46.16127014160156, Train Accuracy: 46.875
Epoch: 1, Iteration 2038, Loss: 37.69081115722656, Train Accuracy: 56.25
Epoch: 1, Iteration 2040, Loss: 38.36181640625, Train Accuracy: 62.5
Epoch: 1, Iteration 2042, Loss: 40.1676025390625, Train Accuracy: 53.125
Epoch: 1, Iteration 2044, Loss: 41.18751525878906, Train Accuracy: 53.125
Epoch: 1, Iteration 2046, Loss: 39.60468673706055, Train Accuracy: 56.25
Epoch: 1, Iteration 2048, Loss: 42.305992126464844, Train Accuracy: 53.125
Epoch: 1, Iteration 2050, Loss: 37.53904724121094, Train Accuracy: 65.625
Epoch: 1, Iteration 2052, Loss: 41.70947265625, Train Accuracy: 50.0
Epoch: 1, Iteration 2054, Loss: 35.3988151550293, Train Accuracy: 62.5
Epoch: 1, Iteration 2056, Loss: 41.77570343017578, Train Accuracy: 65.625
Epoch: 1, Iteration 2058, Loss: 40.50459289550781, Train Accuracy: 53.125
Epoch: 1, Iteration 2060, Loss: 35.32536697387695, Train Accuracy: 68.75
Epoch: 1, Iteration 2062, Loss: 38.2760009765625, Train Accuracy: 59.375
Epoch: 1, Iteration 2064, Loss: 41.388126373291016, Train Accuracy: 62.5
Epoch: 1, Iteration 2066, Loss: 45.23469161987305, Train Accuracy: 46.875
Epoch: 1, Iteration 2068, Loss: 43.376136779785156, Train Accuracy: 31.25
Epoch: 1, Iteration 2070, Loss: 40.463043212890625, Train Accuracy: 37.5
Epoch: 1, Iteration 2072, Loss: 42.859474182128906, Train Accuracy: 37.5
Epoch: 1, Iteration 2074, Loss: 43.11189270019531, Train Accuracy: 50.0
Epoch: 1, Iteration 2076, Loss: 37.771522521972656, Train Accuracy: 46.875
Epoch: 1, Iteration 2078, Loss: 44.350746154785156, Train Accuracy: 34.375
Epoch: 1, Iteration 2080, Loss: 35.38112258911133, Train Accuracy: 62.5
Epoch: 1, Iteration 2082, Loss: 33.84212112426758, Train Accuracy: 59.375
Epoch: 1, Iteration 2084, Loss: 39.516395568847656, Train Accuracy: 50.0
Epoch: 1, Iteration 2086, Loss: 45.13979721069336, Train Accuracy: 46.875
Epoch: 1, Iteration 2088, Loss: 40.90568542480469, Train Accuracy: 53.125
Epoch: 1, Iteration 2090, Loss: 39.67097854614258, Train Accuracy: 50.0
Epoch: 1, Iteration 2092, Loss: 48.28546142578125, Train Accuracy: 43.75
Epoch: 1, Iteration 2094, Loss: 48.65943145751953, Train Accuracy: 34.375
Epoch: 1, Iteration 2096, Loss: 38.71656036376953, Train Accuracy: 50.0
Epoch: 1, Iteration 2098, Loss: 46.69673156738281, Train Accuracy: 56.25
Epoch: 1, Iteration 2100, Loss: 42.65872573852539, Train Accuracy: 56.25
Accuracy 0.637314 with 1632 images
Epoch: 1, Iteration 2102, Loss: 39.27899932861328, Train Accuracy: 53.125
Epoch: 1, Iteration 2104, Loss: 41.080482482910156, Train Accuracy: 59.375
Epoch: 1, Iteration 2106, Loss: 44.5469856262207, Train Accuracy: 46.875
Epoch: 1, Iteration 2108, Loss: 44.052978515625, Train Accuracy: 46.875
Epoch: 1, Iteration 2110, Loss: 43.97837829589844, Train Accuracy: 40.625
Epoch: 1, Iteration 2112, Loss: 45.939544677734375, Train Accuracy: 46.875
Epoch: 1, Iteration 2114, Loss: 41.847957611083984, Train Accuracy: 46.875
Epoch: 1, Iteration 2116, Loss: 42.906005859375, Train Accuracy: 56.25
Epoch: 1, Iteration 2118, Loss: 38.10014343261719, Train Accuracy: 46.875
Epoch: 1, Iteration 2120, Loss: 39.61101150512695, Train Accuracy: 65.625
Epoch: 1, Iteration 2122, Loss: 39.393165588378906, Train Accuracy: 59.375
Epoch: 1, Iteration 2124, Loss: 50.80365753173828, Train Accuracy: 43.75
Epoch: 1, Iteration 2126, Loss: 53.887794494628906, Train Accuracy: 34.375
Epoch: 1, Iteration 2128, Loss: 38.42707824707031, Train Accuracy: 53.125
Epoch: 1, Iteration 2130, Loss: 41.12862014770508, Train Accuracy: 50.0
Epoch: 1, Iteration 2132, Loss: 38.21128845214844, Train Accuracy: 71.875
Epoch: 1, Iteration 2134, Loss: 43.29780960083008, Train Accuracy: 59.375
Epoch: 1, Iteration 2136, Loss: 42.45610046386719, Train Accuracy: 37.5
Epoch: 1, Iteration 2138, Loss: 41.147430419921875, Train Accuracy: 62.5
Epoch: 1, Iteration 2140, Loss: 39.81969451904297, Train Accuracy: 68.75
Epoch: 1, Iteration 2142, Loss: 45.553733825683594, Train Accuracy: 46.875
Epoch: 1, Iteration 2144, Loss: 36.32341003417969, Train Accuracy: 59.375
Epoch: 1, Iteration 2146, Loss: 40.67066955566406, Train Accuracy: 56.25
Epoch: 1, Iteration 2148, Loss: 46.1080436706543, Train Accuracy: 46.875
Epoch: 1, Iteration 2150, Loss: 41.28542709350586, Train Accuracy: 59.375
Epoch: 1, Iteration 2152, Loss: 41.52507781982422, Train Accuracy: 50.0
Epoch: 1, Iteration 2154, Loss: 42.21375274658203, Train Accuracy: 50.0
Epoch: 1, Iteration 2156, Loss: 47.49867248535156, Train Accuracy: 34.375
Epoch: 1, Iteration 2158, Loss: 40.11745834350586, Train Accuracy: 53.125
Epoch: 1, Iteration 2160, Loss: 40.31093978881836, Train Accuracy: 53.125
Epoch: 1, Iteration 2162, Loss: 40.371036529541016, Train Accuracy: 43.75
Epoch: 1, Iteration 2164, Loss: 39.514137268066406, Train Accuracy: 50.0
Epoch: 1, Iteration 2166, Loss: 38.953216552734375, Train Accuracy: 50.0
Epoch: 1, Iteration 2168, Loss: 42.08419418334961, Train Accuracy: 50.0
Epoch: 1, Iteration 2170, Loss: 43.918861389160156, Train Accuracy: 53.125
Epoch: 1, Iteration 2172, Loss: 42.95344161987305, Train Accuracy: 50.0
Epoch: 1, Iteration 2174, Loss: 41.3866081237793, Train Accuracy: 50.0
Epoch: 1, Iteration 2176, Loss: 41.961524963378906, Train Accuracy: 40.625
Epoch: 1, Iteration 2178, Loss: 41.325584411621094, Train Accuracy: 37.5
Epoch: 1, Iteration 2180, Loss: 41.59912872314453, Train Accuracy: 50.0
Epoch: 1, Iteration 2182, Loss: 41.70945739746094, Train Accuracy: 37.5
Epoch: 1, Iteration 2184, Loss: 44.63331985473633, Train Accuracy: 56.25
Epoch: 1, Iteration 2186, Loss: 40.579750061035156, Train Accuracy: 53.125
Epoch: 1, Iteration 2188, Loss: 43.47209548950195, Train Accuracy: 59.375
Epoch: 1, Iteration 2190, Loss: 40.99065399169922, Train Accuracy: 56.25
Epoch: 1, Iteration 2192, Loss: 37.18307113647461, Train Accuracy: 59.375
Epoch: 1, Iteration 2194, Loss: 37.29625701904297, Train Accuracy: 56.25
Epoch: 1, Iteration 2196, Loss: 36.60833740234375, Train Accuracy: 62.5
Epoch: 1, Iteration 2198, Loss: 40.64018630981445, Train Accuracy: 50.0
Epoch: 1, Iteration 2200, Loss: 36.09551239013672, Train Accuracy: 65.625
Accuracy 0.637683 with 1632 images
Epoch: 1, Iteration 2202, Loss: 42.091094970703125, Train Accuracy: 43.75
Epoch: 1, Iteration 2204, Loss: 41.22821044921875, Train Accuracy: 43.75
Epoch: 1, Iteration 2206, Loss: 44.507469177246094, Train Accuracy: 50.0
Epoch: 1, Iteration 2208, Loss: 41.738548278808594, Train Accuracy: 56.25
Epoch: 1, Iteration 2210, Loss: 41.96643829345703, Train Accuracy: 50.0
Epoch: 1, Iteration 2212, Loss: 40.63747787475586, Train Accuracy: 46.875
Epoch: 1, Iteration 2214, Loss: 47.714012145996094, Train Accuracy: 43.75
Epoch: 1, Iteration 2216, Loss: 53.149688720703125, Train Accuracy: 31.25
Epoch: 1, Iteration 2218, Loss: 37.51483917236328, Train Accuracy: 59.375
Epoch: 1, Iteration 2220, Loss: 44.48154067993164, Train Accuracy: 37.5
Epoch: 1, Iteration 2222, Loss: 47.029930114746094, Train Accuracy: 43.75
Epoch: 1, Iteration 2224, Loss: 43.079681396484375, Train Accuracy: 37.5
Epoch: 1, Iteration 2226, Loss: 46.392974853515625, Train Accuracy: 46.875
Epoch: 1, Iteration 2228, Loss: 42.68062973022461, Train Accuracy: 53.125
Epoch: 1, Iteration 2230, Loss: 41.76847839355469, Train Accuracy: 53.125
Epoch: 1, Iteration 2232, Loss: 42.7646484375, Train Accuracy: 46.875
Epoch: 1, Iteration 2234, Loss: 51.83867645263672, Train Accuracy: 37.5
Epoch: 1, Iteration 2236, Loss: 37.999298095703125, Train Accuracy: 50.0
Epoch: 1, Iteration 2238, Loss: 37.20549774169922, Train Accuracy: 59.375
Epoch: 1, Iteration 2240, Loss: 37.60943603515625, Train Accuracy: 56.25
Epoch: 1, Iteration 2242, Loss: 37.881988525390625, Train Accuracy: 53.125
Epoch: 1, Iteration 2244, Loss: 37.8310432434082, Train Accuracy: 56.25
Epoch: 1, Iteration 2246, Loss: 44.10239791870117, Train Accuracy: 40.625
Epoch: 1, Iteration 2248, Loss: 42.87204360961914, Train Accuracy: 43.75
Epoch: 1, Iteration 2250, Loss: 45.59355926513672, Train Accuracy: 46.875
Epoch: 1, Iteration 2252, Loss: 44.027244567871094, Train Accuracy: 46.875
Epoch: 1, Iteration 2254, Loss: 45.20463180541992, Train Accuracy: 34.375
Epoch: 1, Iteration 2256, Loss: 39.25675582885742, Train Accuracy: 62.5
Epoch: 1, Iteration 2258, Loss: 41.128536224365234, Train Accuracy: 43.75
Epoch: 1, Iteration 2260, Loss: 44.27202224731445, Train Accuracy: 46.875
Epoch: 1, Iteration 2262, Loss: 40.05430603027344, Train Accuracy: 50.0
Epoch: 1, Iteration 2264, Loss: 37.934017181396484, Train Accuracy: 62.5
Epoch: 1, Iteration 2266, Loss: 46.667198181152344, Train Accuracy: 43.75
Epoch: 1, Iteration 2268, Loss: 42.405757904052734, Train Accuracy: 50.0
Epoch: 1, Iteration 2270, Loss: 38.78758239746094, Train Accuracy: 56.25
Epoch: 1, Iteration 2272, Loss: 41.90315628051758, Train Accuracy: 50.0
Epoch: 1, Iteration 2274, Loss: 40.08363342285156, Train Accuracy: 59.375
Epoch: 1, Iteration 2276, Loss: 42.63642883300781, Train Accuracy: 37.5
Epoch: 1, Iteration 2278, Loss: 45.86311721801758, Train Accuracy: 43.75
Epoch: 1, Iteration 2280, Loss: 47.020843505859375, Train Accuracy: 46.875
Epoch: 1, Iteration 2282, Loss: 48.17218780517578, Train Accuracy: 43.75
Epoch: 1, Iteration 2284, Loss: 39.37178421020508, Train Accuracy: 50.0
Epoch: 1, Iteration 2286, Loss: 36.203773498535156, Train Accuracy: 53.125
Epoch: 1, Iteration 2288, Loss: 44.8006591796875, Train Accuracy: 40.625
Epoch: 1, Iteration 2290, Loss: 43.81184387207031, Train Accuracy: 37.5
Epoch: 1, Iteration 2292, Loss: 37.97390365600586, Train Accuracy: 53.125
Epoch: 1, Iteration 2294, Loss: 37.503536224365234, Train Accuracy: 62.5
Epoch: 1, Iteration 2296, Loss: 43.918907165527344, Train Accuracy: 40.625
Epoch: 1, Iteration 2298, Loss: 37.990814208984375, Train Accuracy: 56.25
Epoch: 1, Iteration 2300, Loss: 42.021942138671875, Train Accuracy: 43.75
Accuracy 0.637357 with 1632 images
Epoch: 1, Iteration 2302, Loss: 44.28398513793945, Train Accuracy: 53.125
Epoch: 1, Iteration 2304, Loss: 44.220462799072266, Train Accuracy: 40.625
Epoch: 1, Iteration 2306, Loss: 44.833431243896484, Train Accuracy: 40.625
Epoch: 1, Iteration 2308, Loss: 41.49565887451172, Train Accuracy: 59.375
Epoch: 1, Iteration 2310, Loss: 52.01942443847656, Train Accuracy: 31.25
Epoch: 1, Iteration 2312, Loss: 42.15062713623047, Train Accuracy: 46.875
Epoch: 1, Iteration 2314, Loss: 40.75178527832031, Train Accuracy: 43.75
Epoch: 1, Iteration 2316, Loss: 39.797340393066406, Train Accuracy: 65.625
Epoch: 1, Iteration 2318, Loss: 38.543212890625, Train Accuracy: 53.125
Epoch: 1, Iteration 2320, Loss: 43.634742736816406, Train Accuracy: 43.75
Epoch: 1, Iteration 2322, Loss: 36.329505920410156, Train Accuracy: 59.375
Epoch: 1, Iteration 2324, Loss: 37.861167907714844, Train Accuracy: 53.125
Epoch: 1, Iteration 2326, Loss: 46.329490661621094, Train Accuracy: 40.625
Epoch: 1, Iteration 2328, Loss: 32.92387008666992, Train Accuracy: 59.375
Epoch: 1, Iteration 2330, Loss: 36.56163024902344, Train Accuracy: 46.875
Epoch: 1, Iteration 2332, Loss: 45.60394287109375, Train Accuracy: 28.125
Epoch: 1, Iteration 2334, Loss: 41.523155212402344, Train Accuracy: 62.5
Epoch: 1, Iteration 2336, Loss: 42.162132263183594, Train Accuracy: 53.125
Epoch: 1, Iteration 2338, Loss: 40.32610321044922, Train Accuracy: 56.25
Epoch: 1, Iteration 2340, Loss: 47.39476776123047, Train Accuracy: 43.75
Epoch: 1, Iteration 2342, Loss: 40.96677017211914, Train Accuracy: 40.625
Epoch: 1, Iteration 2344, Loss: 36.53563690185547, Train Accuracy: 59.375
Epoch: 1, Iteration 2346, Loss: 44.001686096191406, Train Accuracy: 46.875
Epoch: 1, Iteration 2348, Loss: 37.748844146728516, Train Accuracy: 46.875
Epoch: 1, Iteration 2350, Loss: 41.41061019897461, Train Accuracy: 46.875
Epoch: 1, Iteration 2352, Loss: 45.738773345947266, Train Accuracy: 40.625
Epoch: 1, Iteration 2354, Loss: 37.0788688659668, Train Accuracy: 50.0
Epoch: 1, Iteration 2356, Loss: 43.28276062011719, Train Accuracy: 31.25
Epoch: 1, Iteration 2358, Loss: 43.8138313293457, Train Accuracy: 46.875
Epoch: 1, Iteration 2360, Loss: 46.84117126464844, Train Accuracy: 59.375
Epoch: 1, Iteration 2362, Loss: 47.88816452026367, Train Accuracy: 46.875
Epoch: 1, Iteration 2364, Loss: 35.39070129394531, Train Accuracy: 62.5
Epoch: 1, Iteration 2366, Loss: 47.47382354736328, Train Accuracy: 40.625
Epoch: 1, Iteration 2368, Loss: 42.253318786621094, Train Accuracy: 46.875
Epoch: 1, Iteration 2370, Loss: 40.47923278808594, Train Accuracy: 53.125
Epoch: 1, Iteration 2372, Loss: 39.831520080566406, Train Accuracy: 56.25
Epoch: 1, Iteration 2374, Loss: 40.76108932495117, Train Accuracy: 56.25
Epoch: 1, Iteration 2376, Loss: 40.258338928222656, Train Accuracy: 59.375
Epoch: 1, Iteration 2378, Loss: 41.466156005859375, Train Accuracy: 53.125
Epoch: 1, Iteration 2380, Loss: 38.50159454345703, Train Accuracy: 59.375
Epoch: 1, Iteration 2382, Loss: 45.00093078613281, Train Accuracy: 56.25
Epoch: 1, Iteration 2384, Loss: 42.337257385253906, Train Accuracy: 46.875
Epoch: 1, Iteration 2386, Loss: 36.30945587158203, Train Accuracy: 71.875
Epoch: 1, Iteration 2388, Loss: 39.585994720458984, Train Accuracy: 56.25
Epoch: 1, Iteration 2390, Loss: 42.86109924316406, Train Accuracy: 34.375
Epoch: 1, Iteration 2392, Loss: 44.88459014892578, Train Accuracy: 34.375
Epoch: 1, Iteration 2394, Loss: 41.5541877746582, Train Accuracy: 43.75
Epoch: 1, Iteration 2396, Loss: 45.1854133605957, Train Accuracy: 50.0
Epoch: 1, Iteration 2398, Loss: 39.780982971191406, Train Accuracy: 40.625
Epoch: 1, Iteration 2400, Loss: 37.52880096435547, Train Accuracy: 62.5
Accuracy 0.645622 with 1632 images
Epoch: 1, Iteration 2402, Loss: 45.32176208496094, Train Accuracy: 43.75
Epoch: 1, Iteration 2404, Loss: 45.35929489135742, Train Accuracy: 40.625
Epoch: 1, Iteration 2406, Loss: 37.609161376953125, Train Accuracy: 50.0
Epoch: 1, Iteration 2408, Loss: 44.230831146240234, Train Accuracy: 59.375
Epoch: 1, Iteration 2410, Loss: 41.392189025878906, Train Accuracy: 46.875
Epoch: 1, Iteration 2412, Loss: 37.14192581176758, Train Accuracy: 59.375
Epoch: 1, Iteration 2414, Loss: 46.16766357421875, Train Accuracy: 34.375
Epoch: 1, Iteration 2416, Loss: 43.160213470458984, Train Accuracy: 46.875
Epoch: 1, Iteration 2418, Loss: 39.24989318847656, Train Accuracy: 53.125
Epoch: 1, Iteration 2420, Loss: 38.1761474609375, Train Accuracy: 43.75
Epoch: 1, Iteration 2422, Loss: 44.92777633666992, Train Accuracy: 31.25
Epoch: 1, Iteration 2424, Loss: 42.75321960449219, Train Accuracy: 40.625
Epoch: 1, Iteration 2426, Loss: 45.43067932128906, Train Accuracy: 43.75
Epoch: 1, Iteration 2428, Loss: 46.128395080566406, Train Accuracy: 43.75
Epoch: 1, Iteration 2430, Loss: 49.611297607421875, Train Accuracy: 53.125
Epoch: 1, Iteration 2432, Loss: 44.21757507324219, Train Accuracy: 56.25
Epoch: 1, Iteration 2434, Loss: 40.83729934692383, Train Accuracy: 46.875
Epoch: 1, Iteration 2436, Loss: 38.314064025878906, Train Accuracy: 59.375
Epoch: 1, Iteration 2438, Loss: 42.737770080566406, Train Accuracy: 53.125
Epoch: 1, Iteration 2440, Loss: 40.47294235229492, Train Accuracy: 56.25
Epoch: 1, Iteration 2442, Loss: 48.81767272949219, Train Accuracy: 46.875
Epoch: 1, Iteration 2444, Loss: 38.48811340332031, Train Accuracy: 65.625
Epoch: 1, Iteration 2446, Loss: 49.46171188354492, Train Accuracy: 37.5
Epoch: 1, Iteration 2448, Loss: 37.50209426879883, Train Accuracy: 56.25
Epoch: 1, Iteration 2450, Loss: 41.80292892456055, Train Accuracy: 46.875
Epoch: 1, Iteration 2452, Loss: 37.384429931640625, Train Accuracy: 53.125
Epoch 2/5
-------------
Epoch: 2, Iteration 0, Loss: 38.26368713378906, Train Accuracy: 46.875
Accuracy 0.643393 with 1632 images
Epoch: 2, Iteration 2, Loss: 41.80110168457031, Train Accuracy: 40.625
Epoch: 2, Iteration 4, Loss: 44.798030853271484, Train Accuracy: 46.875
Epoch: 2, Iteration 6, Loss: 41.91870880126953, Train Accuracy: 50.0
Epoch: 2, Iteration 8, Loss: 37.45624542236328, Train Accuracy: 65.625
Epoch: 2, Iteration 10, Loss: 41.32547378540039, Train Accuracy: 50.0
Epoch: 2, Iteration 12, Loss: 43.80701446533203, Train Accuracy: 46.875
Epoch: 2, Iteration 14, Loss: 35.033653259277344, Train Accuracy: 59.375
Epoch: 2, Iteration 16, Loss: 49.67502212524414, Train Accuracy: 34.375
Epoch: 2, Iteration 18, Loss: 39.71820831298828, Train Accuracy: 65.625
Epoch: 2, Iteration 20, Loss: 37.67927551269531, Train Accuracy: 59.375
Epoch: 2, Iteration 22, Loss: 40.09873962402344, Train Accuracy: 50.0
Epoch: 2, Iteration 24, Loss: 36.397064208984375, Train Accuracy: 56.25
Epoch: 2, Iteration 26, Loss: 38.663841247558594, Train Accuracy: 62.5
Epoch: 2, Iteration 28, Loss: 39.62217330932617, Train Accuracy: 46.875
Epoch: 2, Iteration 30, Loss: 38.031272888183594, Train Accuracy: 65.625
Epoch: 2, Iteration 32, Loss: 36.959693908691406, Train Accuracy: 71.875
Epoch: 2, Iteration 34, Loss: 38.530277252197266, Train Accuracy: 65.625
Epoch: 2, Iteration 36, Loss: 42.79305648803711, Train Accuracy: 46.875
Epoch: 2, Iteration 38, Loss: 42.89353561401367, Train Accuracy: 53.125
Epoch: 2, Iteration 40, Loss: 37.0451545715332, Train Accuracy: 56.25
Epoch: 2, Iteration 42, Loss: 33.15672302246094, Train Accuracy: 65.625
Epoch: 2, Iteration 44, Loss: 41.9011344909668, Train Accuracy: 50.0
Epoch: 2, Iteration 46, Loss: 44.966758728027344, Train Accuracy: 43.75
Epoch: 2, Iteration 48, Loss: 39.776390075683594, Train Accuracy: 50.0
Epoch: 2, Iteration 50, Loss: 45.35005569458008, Train Accuracy: 43.75
Epoch: 2, Iteration 52, Loss: 39.10783004760742, Train Accuracy: 46.875
Epoch: 2, Iteration 54, Loss: 44.33421325683594, Train Accuracy: 37.5
Epoch: 2, Iteration 56, Loss: 42.670135498046875, Train Accuracy: 37.5
Epoch: 2, Iteration 58, Loss: 41.264862060546875, Train Accuracy: 50.0
Epoch: 2, Iteration 60, Loss: 40.01646423339844, Train Accuracy: 56.25
Epoch: 2, Iteration 62, Loss: 42.49089431762695, Train Accuracy: 50.0
Epoch: 2, Iteration 64, Loss: 42.60801315307617, Train Accuracy: 50.0
Epoch: 2, Iteration 66, Loss: 44.244659423828125, Train Accuracy: 46.875
Epoch: 2, Iteration 68, Loss: 34.76029586791992, Train Accuracy: 62.5
Epoch: 2, Iteration 70, Loss: 45.23081588745117, Train Accuracy: 43.75
Epoch: 2, Iteration 72, Loss: 38.207679748535156, Train Accuracy: 53.125
Epoch: 2, Iteration 74, Loss: 41.953407287597656, Train Accuracy: 46.875
Epoch: 2, Iteration 76, Loss: 40.931396484375, Train Accuracy: 50.0
Epoch: 2, Iteration 78, Loss: 43.0195198059082, Train Accuracy: 53.125
Epoch: 2, Iteration 80, Loss: 39.883995056152344, Train Accuracy: 46.875
Epoch: 2, Iteration 82, Loss: 42.90315246582031, Train Accuracy: 37.5
Epoch: 2, Iteration 84, Loss: 42.535552978515625, Train Accuracy: 37.5
Epoch: 2, Iteration 86, Loss: 41.04994583129883, Train Accuracy: 50.0
Epoch: 2, Iteration 88, Loss: 39.7171745300293, Train Accuracy: 34.375
Epoch: 2, Iteration 90, Loss: 45.09749984741211, Train Accuracy: 53.125
Epoch: 2, Iteration 92, Loss: 37.055259704589844, Train Accuracy: 59.375
Epoch: 2, Iteration 94, Loss: 47.043983459472656, Train Accuracy: 37.5
Epoch: 2, Iteration 96, Loss: 37.42576599121094, Train Accuracy: 43.75
Epoch: 2, Iteration 98, Loss: 39.13233947753906, Train Accuracy: 43.75
Epoch: 2, Iteration 100, Loss: 41.35132598876953, Train Accuracy: 62.5
Accuracy 0.636766 with 1632 images
Epoch: 2, Iteration 102, Loss: 46.3255615234375, Train Accuracy: 46.875
Epoch: 2, Iteration 104, Loss: 40.002281188964844, Train Accuracy: 46.875
Epoch: 2, Iteration 106, Loss: 40.86309814453125, Train Accuracy: 62.5
Epoch: 2, Iteration 108, Loss: 38.21897506713867, Train Accuracy: 50.0
Epoch: 2, Iteration 110, Loss: 36.590431213378906, Train Accuracy: 56.25
Epoch: 2, Iteration 112, Loss: 40.23701095581055, Train Accuracy: 43.75
Epoch: 2, Iteration 114, Loss: 41.272117614746094, Train Accuracy: 59.375
Epoch: 2, Iteration 116, Loss: 42.07561492919922, Train Accuracy: 37.5
Epoch: 2, Iteration 118, Loss: 40.68473815917969, Train Accuracy: 53.125
Epoch: 2, Iteration 120, Loss: 41.23171615600586, Train Accuracy: 65.625
Epoch: 2, Iteration 122, Loss: 45.39433288574219, Train Accuracy: 34.375
Epoch: 2, Iteration 124, Loss: 40.88820266723633, Train Accuracy: 50.0
Epoch: 2, Iteration 126, Loss: 42.829124450683594, Train Accuracy: 56.25
Epoch: 2, Iteration 128, Loss: 40.255218505859375, Train Accuracy: 43.75
Epoch: 2, Iteration 130, Loss: 40.23481750488281, Train Accuracy: 59.375
Epoch: 2, Iteration 132, Loss: 44.64743423461914, Train Accuracy: 46.875
Epoch: 2, Iteration 134, Loss: 42.95853042602539, Train Accuracy: 40.625
Epoch: 2, Iteration 136, Loss: 39.616798400878906, Train Accuracy: 50.0
Epoch: 2, Iteration 138, Loss: 45.781314849853516, Train Accuracy: 50.0
Epoch: 2, Iteration 140, Loss: 43.073543548583984, Train Accuracy: 50.0
Epoch: 2, Iteration 142, Loss: 48.07572937011719, Train Accuracy: 37.5
Epoch: 2, Iteration 144, Loss: 45.31109619140625, Train Accuracy: 53.125
Epoch: 2, Iteration 146, Loss: 37.98265838623047, Train Accuracy: 59.375
Epoch: 2, Iteration 148, Loss: 42.03028106689453, Train Accuracy: 46.875
Epoch: 2, Iteration 150, Loss: 42.50538635253906, Train Accuracy: 62.5
Epoch: 2, Iteration 152, Loss: 45.338409423828125, Train Accuracy: 37.5
Epoch: 2, Iteration 154, Loss: 44.71968078613281, Train Accuracy: 43.75
Epoch: 2, Iteration 156, Loss: 49.77854919433594, Train Accuracy: 31.25
Epoch: 2, Iteration 158, Loss: 42.096065521240234, Train Accuracy: 37.5
Epoch: 2, Iteration 160, Loss: 43.472900390625, Train Accuracy: 31.25
Epoch: 2, Iteration 162, Loss: 46.59461212158203, Train Accuracy: 50.0
Epoch: 2, Iteration 164, Loss: 44.73311233520508, Train Accuracy: 43.75
Epoch: 2, Iteration 166, Loss: 45.16221618652344, Train Accuracy: 34.375
Epoch: 2, Iteration 168, Loss: 42.77104949951172, Train Accuracy: 40.625
Epoch: 2, Iteration 170, Loss: 42.430419921875, Train Accuracy: 50.0
Epoch: 2, Iteration 172, Loss: 45.41748809814453, Train Accuracy: 37.5
Epoch: 2, Iteration 174, Loss: 40.524749755859375, Train Accuracy: 46.875
Epoch: 2, Iteration 176, Loss: 42.53974151611328, Train Accuracy: 56.25
Epoch: 2, Iteration 178, Loss: 41.57586669921875, Train Accuracy: 43.75
Epoch: 2, Iteration 180, Loss: 39.67695999145508, Train Accuracy: 50.0
Epoch: 2, Iteration 182, Loss: 40.565956115722656, Train Accuracy: 50.0
Epoch: 2, Iteration 184, Loss: 34.54402160644531, Train Accuracy: 59.375
Epoch: 2, Iteration 186, Loss: 40.65460968017578, Train Accuracy: 50.0
Epoch: 2, Iteration 188, Loss: 45.513179779052734, Train Accuracy: 34.375
Epoch: 2, Iteration 190, Loss: 39.70931625366211, Train Accuracy: 46.875
Epoch: 2, Iteration 192, Loss: 41.75679016113281, Train Accuracy: 31.25
Epoch: 2, Iteration 194, Loss: 40.28172302246094, Train Accuracy: 46.875
Epoch: 2, Iteration 196, Loss: 42.168731689453125, Train Accuracy: 31.25
Epoch: 2, Iteration 198, Loss: 38.05207824707031, Train Accuracy: 43.75
Epoch: 2, Iteration 200, Loss: 40.65049743652344, Train Accuracy: 40.625
